[2025-06-13T05:33:27.624+0000] {local_task_job_runner.py:123} INFO - ::group::Pre task execution logs
[2025-06-13T05:33:27.642+0000] {taskinstance.py:2614} INFO - Dependencies all met for dep_context=non-requeueable deps ti=<TaskInstance: payparser_pipeline_dag.detect_new_images_task manual__2025-06-13T05:33:26.651354+00:00 [queued]>
[2025-06-13T05:33:27.650+0000] {taskinstance.py:2614} INFO - Dependencies all met for dep_context=requeueable deps ti=<TaskInstance: payparser_pipeline_dag.detect_new_images_task manual__2025-06-13T05:33:26.651354+00:00 [queued]>
[2025-06-13T05:33:27.651+0000] {taskinstance.py:2867} INFO - Starting attempt 1 of 2
[2025-06-13T05:33:27.665+0000] {taskinstance.py:2890} INFO - Executing <Task(ShortCircuitOperator): detect_new_images_task> on 2025-06-13 05:33:26.651354+00:00
[2025-06-13T05:33:27.671+0000] {warnings.py:112} WARNING - /home/***/.local/lib/python3.12/site-packages/***/task/task_runner/standard_task_runner.py:70: DeprecationWarning: This process (pid=100) is multi-threaded, use of fork() may lead to deadlocks in the child.
  pid = os.fork()

[2025-06-13T05:33:27.674+0000] {standard_task_runner.py:72} INFO - Started process 101 to run task
[2025-06-13T05:33:27.674+0000] {standard_task_runner.py:104} INFO - Running: ['***', 'tasks', 'run', 'payparser_pipeline_dag', 'detect_new_images_task', 'manual__2025-06-13T05:33:26.651354+00:00', '--job-id', '214', '--raw', '--subdir', 'DAGS_FOLDER/payparser_dag.py', '--cfg-path', '/tmp/tmpm5szofg3']
[2025-06-13T05:33:27.676+0000] {standard_task_runner.py:105} INFO - Job 214: Subtask detect_new_images_task
[2025-06-13T05:33:27.740+0000] {task_command.py:467} INFO - Running <TaskInstance: payparser_pipeline_dag.detect_new_images_task manual__2025-06-13T05:33:26.651354+00:00 [running]> on host bc775d44bf0d
[2025-06-13T05:33:27.833+0000] {taskinstance.py:3134} INFO - Exporting env vars: AIRFLOW_CTX_DAG_OWNER='zain' AIRFLOW_CTX_DAG_ID='payparser_pipeline_dag' AIRFLOW_CTX_TASK_ID='detect_new_images_task' AIRFLOW_CTX_EXECUTION_DATE='2025-06-13T05:33:26.651354+00:00' AIRFLOW_CTX_TRY_NUMBER='1' AIRFLOW_CTX_DAG_RUN_ID='manual__2025-06-13T05:33:26.651354+00:00'
[2025-06-13T05:33:27.834+0000] {taskinstance.py:732} INFO - ::endgroup::
[2025-06-13T05:33:27.849+0000] {baseoperator.py:423} WARNING - ShortCircuitOperator.execute cannot be called outside TaskInstance!
[2025-06-13T05:33:27.879+0000] {python.py:240} INFO - Done. Returned value was: True
[2025-06-13T05:33:27.880+0000] {python.py:309} INFO - Condition result is True
[2025-06-13T05:33:27.880+0000] {python.py:312} INFO - Proceeding with downstream tasks...
[2025-06-13T05:33:27.899+0000] {taskinstance.py:341} INFO - ::group::Post task execution logs
[2025-06-13T05:33:27.900+0000] {taskinstance.py:353} INFO - Marking task as SUCCESS. dag_id=payparser_pipeline_dag, task_id=detect_new_images_task, run_id=manual__2025-06-13T05:33:26.651354+00:00, execution_date=20250613T053326, start_date=20250613T053327, end_date=20250613T053327
[2025-06-13T05:33:27.969+0000] {local_task_job_runner.py:266} INFO - Task exited with return code 0
[2025-06-13T05:33:27.997+0000] {taskinstance.py:3901} INFO - 1 downstream tasks scheduled from follow-on schedule check
[2025-06-13T05:33:28.002+0000] {local_task_job_runner.py:245} INFO - ::endgroup::
