[2025-06-13T03:14:01.007+0000] {local_task_job_runner.py:123} INFO - ::group::Pre task execution logs
[2025-06-13T03:14:01.024+0000] {taskinstance.py:2614} INFO - Dependencies all met for dep_context=non-requeueable deps ti=<TaskInstance: payparser_pipeline_dag.check_for_new_images scheduled__2025-06-13T03:12:00+00:00 [queued]>
[2025-06-13T03:14:01.034+0000] {taskinstance.py:2614} INFO - Dependencies all met for dep_context=requeueable deps ti=<TaskInstance: payparser_pipeline_dag.check_for_new_images scheduled__2025-06-13T03:12:00+00:00 [queued]>
[2025-06-13T03:14:01.034+0000] {taskinstance.py:2867} INFO - Starting attempt 1 of 2
[2025-06-13T03:14:01.053+0000] {taskinstance.py:2890} INFO - Executing <Task(ShortCircuitOperator): check_for_new_images> on 2025-06-13 03:12:00+00:00
[2025-06-13T03:14:01.064+0000] {warnings.py:112} WARNING - /home/***/.local/lib/python3.12/site-packages/***/task/task_runner/standard_task_runner.py:70: DeprecationWarning: This process (pid=64) is multi-threaded, use of fork() may lead to deadlocks in the child.
  pid = os.fork()

[2025-06-13T03:14:01.067+0000] {standard_task_runner.py:72} INFO - Started process 72 to run task
[2025-06-13T03:14:01.067+0000] {standard_task_runner.py:104} INFO - Running: ['***', 'tasks', 'run', 'payparser_pipeline_dag', 'check_for_new_images', 'scheduled__2025-06-13T03:12:00+00:00', '--job-id', '73', '--raw', '--subdir', 'DAGS_FOLDER/payparser_dag.py', '--cfg-path', '/tmp/tmpiaicgjuw']
[2025-06-13T03:14:01.070+0000] {standard_task_runner.py:105} INFO - Job 73: Subtask check_for_new_images
[2025-06-13T03:14:01.140+0000] {task_command.py:467} INFO - Running <TaskInstance: payparser_pipeline_dag.check_for_new_images scheduled__2025-06-13T03:12:00+00:00 [running]> on host 9b9192f456bf
[2025-06-13T03:14:01.237+0000] {taskinstance.py:3134} INFO - Exporting env vars: AIRFLOW_CTX_DAG_OWNER='zain' AIRFLOW_CTX_DAG_ID='payparser_pipeline_dag' AIRFLOW_CTX_TASK_ID='check_for_new_images' AIRFLOW_CTX_EXECUTION_DATE='2025-06-13T03:12:00+00:00' AIRFLOW_CTX_TRY_NUMBER='1' AIRFLOW_CTX_DAG_RUN_ID='scheduled__2025-06-13T03:12:00+00:00'
[2025-06-13T03:14:01.239+0000] {taskinstance.py:732} INFO - ::endgroup::
[2025-06-13T03:14:01.255+0000] {baseoperator.py:423} WARNING - ShortCircuitOperator.execute cannot be called outside TaskInstance!
[2025-06-13T03:14:01.261+0000] {python.py:240} INFO - Done. Returned value was: False
[2025-06-13T03:14:01.262+0000] {python.py:309} INFO - Condition result is False
[2025-06-13T03:14:01.262+0000] {python.py:336} INFO - Skipping downstream tasks
[2025-06-13T03:14:01.291+0000] {python.py:344} INFO - Done.
[2025-06-13T03:14:01.318+0000] {taskinstance.py:341} INFO - ::group::Post task execution logs
[2025-06-13T03:14:01.318+0000] {taskinstance.py:353} INFO - Marking task as SUCCESS. dag_id=payparser_pipeline_dag, task_id=check_for_new_images, run_id=scheduled__2025-06-13T03:12:00+00:00, execution_date=20250613T031200, start_date=20250613T031401, end_date=20250613T031401
[2025-06-13T03:14:01.363+0000] {local_task_job_runner.py:266} INFO - Task exited with return code 0
[2025-06-13T03:14:01.384+0000] {taskinstance.py:3901} INFO - 0 downstream tasks scheduled from follow-on schedule check
[2025-06-13T03:14:01.395+0000] {local_task_job_runner.py:245} INFO - ::endgroup::
