[2025-06-13T05:26:14.123+0000] {local_task_job_runner.py:123} INFO - ::group::Pre task execution logs
[2025-06-13T05:26:14.146+0000] {taskinstance.py:2614} INFO - Dependencies all met for dep_context=non-requeueable deps ti=<TaskInstance: payparser_pipeline_dag.ocr_and_classify_task manual__2025-06-13T05:26:11.551045+00:00 [queued]>
[2025-06-13T05:26:14.155+0000] {taskinstance.py:2614} INFO - Dependencies all met for dep_context=requeueable deps ti=<TaskInstance: payparser_pipeline_dag.ocr_and_classify_task manual__2025-06-13T05:26:11.551045+00:00 [queued]>
[2025-06-13T05:26:14.156+0000] {taskinstance.py:2867} INFO - Starting attempt 1 of 2
[2025-06-13T05:26:14.171+0000] {taskinstance.py:2890} INFO - Executing <Task(PythonOperator): ocr_and_classify_task> on 2025-06-13 05:26:11.551045+00:00
[2025-06-13T05:26:14.176+0000] {warnings.py:112} WARNING - /home/***/.local/lib/python3.12/site-packages/***/task/task_runner/standard_task_runner.py:70: DeprecationWarning: This process (pid=275) is multi-threaded, use of fork() may lead to deadlocks in the child.
  pid = os.fork()

[2025-06-13T05:26:14.178+0000] {standard_task_runner.py:72} INFO - Started process 276 to run task
[2025-06-13T05:26:14.178+0000] {standard_task_runner.py:104} INFO - Running: ['***', 'tasks', 'run', 'payparser_pipeline_dag', 'ocr_and_classify_task', 'manual__2025-06-13T05:26:11.551045+00:00', '--job-id', '182', '--raw', '--subdir', 'DAGS_FOLDER/payparser_dag.py', '--cfg-path', '/tmp/tmpdfdyb_9_']
[2025-06-13T05:26:14.180+0000] {standard_task_runner.py:105} INFO - Job 182: Subtask ocr_and_classify_task
[2025-06-13T05:26:14.231+0000] {task_command.py:467} INFO - Running <TaskInstance: payparser_pipeline_dag.ocr_and_classify_task manual__2025-06-13T05:26:11.551045+00:00 [running]> on host bc775d44bf0d
[2025-06-13T05:26:14.314+0000] {taskinstance.py:3134} INFO - Exporting env vars: AIRFLOW_CTX_DAG_OWNER='zain' AIRFLOW_CTX_DAG_ID='payparser_pipeline_dag' AIRFLOW_CTX_TASK_ID='ocr_and_classify_task' AIRFLOW_CTX_EXECUTION_DATE='2025-06-13T05:26:11.551045+00:00' AIRFLOW_CTX_TRY_NUMBER='1' AIRFLOW_CTX_DAG_RUN_ID='manual__2025-06-13T05:26:11.551045+00:00'
[2025-06-13T05:26:14.315+0000] {taskinstance.py:732} INFO - ::endgroup::
[2025-06-13T05:26:14.341+0000] {logging_mixin.py:190} INFO - 🔍 OCR processing: /opt/***/shared/downloads/Test/WhatsApp Image 2025-06-10 at 01.06.41_99a98d8f.jpg
[2025-06-13T05:26:15.838+0000] {logging_mixin.py:190} INFO - Date formatting error: time data '10 Jun 2025 01:06 AM' does not match format '%d %B %Y %I:%M %p'
[2025-06-13T05:26:15.839+0000] {logging_mixin.py:190} INFO - 🔍 OCR processing: /opt/***/shared/downloads/Test/WhatsApp Image 2025-06-10 at 18.23.24_307f356c.jpg
[2025-06-13T05:26:16.948+0000] {logging_mixin.py:190} INFO - Date formatting error: time data '10 Jun 2025 06:23 PM' does not match format '%d %B %Y %I:%M %p'
[2025-06-13T05:26:16.949+0000] {logging_mixin.py:190} INFO - 🔍 OCR processing: /opt/***/shared/downloads/Test/WhatsApp Image 2025-06-12 at 00.30.14_a8346959.jpg
[2025-06-13T05:26:18.421+0000] {logging_mixin.py:190} INFO - 🔍 OCR processing: /opt/***/shared/downloads/Test/WhatsApp Image 2025-06-12 at 23.10.05_0c4f87f3.jpg
[2025-06-13T05:26:19.620+0000] {logging_mixin.py:190} INFO - 🔍 OCR processing: /opt/***/shared/downloads/Test/WhatsApp Image 2025-06-13 at 01.34.27_5af07ffa.jpg
[2025-06-13T05:26:20.811+0000] {python.py:240} INFO - Done. Returned value was: None
[2025-06-13T05:26:20.821+0000] {taskinstance.py:341} INFO - ::group::Post task execution logs
[2025-06-13T05:26:20.821+0000] {taskinstance.py:353} INFO - Marking task as SUCCESS. dag_id=payparser_pipeline_dag, task_id=ocr_and_classify_task, run_id=manual__2025-06-13T05:26:11.551045+00:00, execution_date=20250613T052611, start_date=20250613T052614, end_date=20250613T052620
[2025-06-13T05:26:20.891+0000] {local_task_job_runner.py:266} INFO - Task exited with return code 0
[2025-06-13T05:26:20.911+0000] {taskinstance.py:3901} INFO - 2 downstream tasks scheduled from follow-on schedule check
[2025-06-13T05:26:20.922+0000] {local_task_job_runner.py:245} INFO - ::endgroup::
