[2025-06-13T03:54:10.149+0000] {local_task_job_runner.py:123} INFO - ::group::Pre task execution logs
[2025-06-13T03:54:10.169+0000] {taskinstance.py:2614} INFO - Dependencies all met for dep_context=non-requeueable deps ti=<TaskInstance: payparser_pipeline_dag.instapay_processing_task scheduled__2025-06-13T03:52:00+00:00 [queued]>
[2025-06-13T03:54:10.178+0000] {taskinstance.py:2614} INFO - Dependencies all met for dep_context=requeueable deps ti=<TaskInstance: payparser_pipeline_dag.instapay_processing_task scheduled__2025-06-13T03:52:00+00:00 [queued]>
[2025-06-13T03:54:10.179+0000] {taskinstance.py:2867} INFO - Starting attempt 1 of 2
[2025-06-13T03:54:10.195+0000] {taskinstance.py:2890} INFO - Executing <Task(PythonOperator): instapay_processing_task> on 2025-06-13 03:52:00+00:00
[2025-06-13T03:54:10.201+0000] {warnings.py:112} WARNING - /home/***/.local/lib/python3.12/site-packages/***/task/task_runner/standard_task_runner.py:70: DeprecationWarning: This process (pid=204) is multi-threaded, use of fork() may lead to deadlocks in the child.
  pid = os.fork()

[2025-06-13T03:54:10.202+0000] {standard_task_runner.py:72} INFO - Started process 206 to run task
[2025-06-13T03:54:10.202+0000] {standard_task_runner.py:104} INFO - Running: ['***', 'tasks', 'run', 'payparser_pipeline_dag', 'instapay_processing_task', 'scheduled__2025-06-13T03:52:00+00:00', '--job-id', '154', '--raw', '--subdir', 'DAGS_FOLDER/payparser_dag.py', '--cfg-path', '/tmp/tmpvsqcwjbm']
[2025-06-13T03:54:10.205+0000] {standard_task_runner.py:105} INFO - Job 154: Subtask instapay_processing_task
[2025-06-13T03:54:10.268+0000] {task_command.py:467} INFO - Running <TaskInstance: payparser_pipeline_dag.instapay_processing_task scheduled__2025-06-13T03:52:00+00:00 [running]> on host 99fad00d6fef
[2025-06-13T03:54:10.368+0000] {taskinstance.py:3134} INFO - Exporting env vars: AIRFLOW_CTX_DAG_OWNER='zain' AIRFLOW_CTX_DAG_ID='payparser_pipeline_dag' AIRFLOW_CTX_TASK_ID='instapay_processing_task' AIRFLOW_CTX_EXECUTION_DATE='2025-06-13T03:52:00+00:00' AIRFLOW_CTX_TRY_NUMBER='1' AIRFLOW_CTX_DAG_RUN_ID='scheduled__2025-06-13T03:52:00+00:00'
[2025-06-13T03:54:10.369+0000] {taskinstance.py:732} INFO - ::endgroup::
[2025-06-13T03:54:10.407+0000] {logging_mixin.py:190} INFO - Database error: UNIQUE constraint failed: transactions.transaction_id
[2025-06-13T03:54:10.409+0000] {logging_mixin.py:190} INFO - ✅ Instapay transaction inserted: {'amount': '9880', 'sender': 'mahmoud_303_fap@instapay', 'receiver_name': 'Unknown', 'phone_number': '01033962186', 'date': '10 Jun 2025 01:06 AM', 'transaction_id': '516103110095', 'status': 'completed'}
[2025-06-13T03:54:10.416+0000] {logging_mixin.py:190} INFO - Database error: UNIQUE constraint failed: transactions.transaction_id
[2025-06-13T03:54:10.418+0000] {logging_mixin.py:190} INFO - ✅ Instapay transaction inserted: {'amount': '9880', 'sender': 'mahmoud_303_fap@instapay', 'receiver_name': 'Unknown', 'phone_number': '01270259158', 'date': '10 Jun 2025 06:23 PM', 'transaction_id': '516120038006', 'status': 'completed'}
[2025-06-13T03:54:10.418+0000] {python.py:240} INFO - Done. Returned value was: None
[2025-06-13T03:54:10.429+0000] {taskinstance.py:341} INFO - ::group::Post task execution logs
[2025-06-13T03:54:10.430+0000] {taskinstance.py:353} INFO - Marking task as SUCCESS. dag_id=payparser_pipeline_dag, task_id=instapay_processing_task, run_id=scheduled__2025-06-13T03:52:00+00:00, execution_date=20250613T035200, start_date=20250613T035410, end_date=20250613T035410
[2025-06-13T03:54:10.498+0000] {local_task_job_runner.py:266} INFO - Task exited with return code 0
[2025-06-13T03:54:10.505+0000] {local_task_job_runner.py:245} INFO - ::endgroup::
