[2025-06-13T05:26:36.983+0000] {local_task_job_runner.py:123} INFO - ::group::Pre task execution logs
[2025-06-13T05:26:37.003+0000] {taskinstance.py:2614} INFO - Dependencies all met for dep_context=non-requeueable deps ti=<TaskInstance: payparser_pipeline_dag.instapay_processing_task manual__2025-06-13T05:26:27.327360+00:00 [queued]>
[2025-06-13T05:26:37.013+0000] {taskinstance.py:2614} INFO - Dependencies all met for dep_context=requeueable deps ti=<TaskInstance: payparser_pipeline_dag.instapay_processing_task manual__2025-06-13T05:26:27.327360+00:00 [queued]>
[2025-06-13T05:26:37.013+0000] {taskinstance.py:2867} INFO - Starting attempt 1 of 2
[2025-06-13T05:26:37.032+0000] {taskinstance.py:2890} INFO - Executing <Task(PythonOperator): instapay_processing_task> on 2025-06-13 05:26:27.327360+00:00
[2025-06-13T05:26:37.039+0000] {warnings.py:112} WARNING - /home/***/.local/lib/python3.12/site-packages/***/task/task_runner/standard_task_runner.py:70: DeprecationWarning: This process (pid=291) is multi-threaded, use of fork() may lead to deadlocks in the child.
  pid = os.fork()

[2025-06-13T05:26:37.041+0000] {standard_task_runner.py:72} INFO - Started process 292 to run task
[2025-06-13T05:26:37.041+0000] {standard_task_runner.py:104} INFO - Running: ['***', 'tasks', 'run', 'payparser_pipeline_dag', 'instapay_processing_task', 'manual__2025-06-13T05:26:27.327360+00:00', '--job-id', '188', '--raw', '--subdir', 'DAGS_FOLDER/payparser_dag.py', '--cfg-path', '/tmp/tmp7d2coi3i']
[2025-06-13T05:26:37.045+0000] {standard_task_runner.py:105} INFO - Job 188: Subtask instapay_processing_task
[2025-06-13T05:26:37.105+0000] {task_command.py:467} INFO - Running <TaskInstance: payparser_pipeline_dag.instapay_processing_task manual__2025-06-13T05:26:27.327360+00:00 [running]> on host bc775d44bf0d
[2025-06-13T05:26:37.198+0000] {taskinstance.py:3134} INFO - Exporting env vars: AIRFLOW_CTX_DAG_OWNER='zain' AIRFLOW_CTX_DAG_ID='payparser_pipeline_dag' AIRFLOW_CTX_TASK_ID='instapay_processing_task' AIRFLOW_CTX_EXECUTION_DATE='2025-06-13T05:26:27.327360+00:00' AIRFLOW_CTX_TRY_NUMBER='1' AIRFLOW_CTX_DAG_RUN_ID='manual__2025-06-13T05:26:27.327360+00:00'
[2025-06-13T05:26:37.200+0000] {taskinstance.py:732} INFO - ::endgroup::
[2025-06-13T05:26:37.237+0000] {logging_mixin.py:190} INFO - Database error: UNIQUE constraint failed: transactions.transaction_id
[2025-06-13T05:26:37.239+0000] {logging_mixin.py:190} INFO - ✅ Instapay transaction inserted: {'amount': '9880', 'sender': 'mahmoud_303_fap@instapay', 'receiver_name': 'Unknown', 'phone_number': '01033962186', 'date': '10 Jun 2025 01:06 AM', 'transaction_id': '516103110095', 'status': 'completed'}
[2025-06-13T05:26:37.245+0000] {logging_mixin.py:190} INFO - Database error: UNIQUE constraint failed: transactions.transaction_id
[2025-06-13T05:26:37.247+0000] {logging_mixin.py:190} INFO - ✅ Instapay transaction inserted: {'amount': '9880', 'sender': 'mahmoud_303_fap@instapay', 'receiver_name': 'Unknown', 'phone_number': '01270259158', 'date': '10 Jun 2025 06:23 PM', 'transaction_id': '516120038006', 'status': 'completed'}
[2025-06-13T05:26:37.247+0000] {python.py:240} INFO - Done. Returned value was: None
[2025-06-13T05:26:37.260+0000] {taskinstance.py:341} INFO - ::group::Post task execution logs
[2025-06-13T05:26:37.262+0000] {taskinstance.py:353} INFO - Marking task as SUCCESS. dag_id=payparser_pipeline_dag, task_id=instapay_processing_task, run_id=manual__2025-06-13T05:26:27.327360+00:00, execution_date=20250613T052627, start_date=20250613T052637, end_date=20250613T052637
[2025-06-13T05:26:37.337+0000] {local_task_job_runner.py:266} INFO - Task exited with return code 0
[2025-06-13T05:26:37.352+0000] {taskinstance.py:3901} INFO - 0 downstream tasks scheduled from follow-on schedule check
[2025-06-13T05:26:37.356+0000] {local_task_job_runner.py:245} INFO - ::endgroup::
