[2025-06-13T05:27:23.279+0000] {local_task_job_runner.py:123} INFO - ::group::Pre task execution logs
[2025-06-13T05:27:23.301+0000] {taskinstance.py:2614} INFO - Dependencies all met for dep_context=non-requeueable deps ti=<TaskInstance: payparser_pipeline_dag.cash_processing_task scheduled__2025-06-13T05:25:00+00:00 [queued]>
[2025-06-13T05:27:23.311+0000] {taskinstance.py:2614} INFO - Dependencies all met for dep_context=requeueable deps ti=<TaskInstance: payparser_pipeline_dag.cash_processing_task scheduled__2025-06-13T05:25:00+00:00 [queued]>
[2025-06-13T05:27:23.312+0000] {taskinstance.py:2867} INFO - Starting attempt 1 of 2
[2025-06-13T05:27:23.334+0000] {taskinstance.py:2890} INFO - Executing <Task(PythonOperator): cash_processing_task> on 2025-06-13 05:25:00+00:00
[2025-06-13T05:27:23.341+0000] {warnings.py:112} WARNING - /home/***/.local/lib/python3.12/site-packages/***/task/task_runner/standard_task_runner.py:70: DeprecationWarning: This process (pid=64) is multi-threaded, use of fork() may lead to deadlocks in the child.
  pid = os.fork()

[2025-06-13T05:27:23.346+0000] {standard_task_runner.py:72} INFO - Started process 68 to run task
[2025-06-13T05:27:23.345+0000] {standard_task_runner.py:104} INFO - Running: ['***', 'tasks', 'run', 'payparser_pipeline_dag', 'cash_processing_task', 'scheduled__2025-06-13T05:25:00+00:00', '--job-id', '194', '--raw', '--subdir', 'DAGS_FOLDER/payparser_dag.py', '--cfg-path', '/tmp/tmpyo_bftew']
[2025-06-13T05:27:23.349+0000] {standard_task_runner.py:105} INFO - Job 194: Subtask cash_processing_task
[2025-06-13T05:27:23.430+0000] {task_command.py:467} INFO - Running <TaskInstance: payparser_pipeline_dag.cash_processing_task scheduled__2025-06-13T05:25:00+00:00 [running]> on host bc775d44bf0d
[2025-06-13T05:27:23.565+0000] {taskinstance.py:3134} INFO - Exporting env vars: AIRFLOW_CTX_DAG_OWNER='zain' AIRFLOW_CTX_DAG_ID='payparser_pipeline_dag' AIRFLOW_CTX_TASK_ID='cash_processing_task' AIRFLOW_CTX_EXECUTION_DATE='2025-06-13T05:25:00+00:00' AIRFLOW_CTX_TRY_NUMBER='1' AIRFLOW_CTX_DAG_RUN_ID='scheduled__2025-06-13T05:25:00+00:00'
[2025-06-13T05:27:23.567+0000] {taskinstance.py:732} INFO - ::endgroup::
[2025-06-13T05:27:23.607+0000] {logging_mixin.py:190} INFO - Database error: UNIQUE constraint failed: transactions.transaction_id
[2025-06-13T05:27:23.609+0000] {logging_mixin.py:190} INFO - ✅ Cash transaction inserted: {'amount': '9880', 'sender': 'Test', 'receiver_name': 'Unknown', 'phone_number': '01007041192', 'date': '2025-06-12 12:30', 'transaction_id': '012233325194', 'status': 'completed'}
[2025-06-13T05:27:23.616+0000] {logging_mixin.py:190} INFO - Database error: UNIQUE constraint failed: transactions.transaction_id
[2025-06-13T05:27:23.618+0000] {logging_mixin.py:190} INFO - ✅ Cash transaction inserted: {'amount': '9880', 'sender': 'Test', 'receiver_name': 'Unknown', 'phone_number': '01033962186', 'date': '2025-06-12 11:09', 'transaction_id': '012246503080', 'status': 'completed'}
[2025-06-13T05:27:23.624+0000] {logging_mixin.py:190} INFO - Database error: UNIQUE constraint failed: transactions.transaction_id
[2025-06-13T05:27:23.626+0000] {logging_mixin.py:190} INFO - ✅ Cash transaction inserted: {'amount': '1900', 'sender': 'Test', 'receiver_name': 'Unknown', 'phone_number': '01096753345', 'date': '2025-06-13 01:34', 'transaction_id': '012248429672', 'status': 'completed'}
[2025-06-13T05:27:23.627+0000] {python.py:240} INFO - Done. Returned value was: None
[2025-06-13T05:27:23.637+0000] {taskinstance.py:341} INFO - ::group::Post task execution logs
[2025-06-13T05:27:23.638+0000] {taskinstance.py:353} INFO - Marking task as SUCCESS. dag_id=payparser_pipeline_dag, task_id=cash_processing_task, run_id=scheduled__2025-06-13T05:25:00+00:00, execution_date=20250613T052500, start_date=20250613T052723, end_date=20250613T052723
[2025-06-13T05:27:23.684+0000] {local_task_job_runner.py:266} INFO - Task exited with return code 0
[2025-06-13T05:27:23.701+0000] {taskinstance.py:3901} INFO - 0 downstream tasks scheduled from follow-on schedule check
[2025-06-13T05:27:23.704+0000] {local_task_job_runner.py:245} INFO - ::endgroup::
