[2025-06-13T03:00:20.794+0000] {local_task_job_runner.py:123} INFO - ::group::Pre task execution logs
[2025-06-13T03:00:20.815+0000] {taskinstance.py:2614} INFO - Dependencies all met for dep_context=non-requeueable deps ti=<TaskInstance: payparser_pipeline_dag.check_for_new_images scheduled__2025-06-13T02:00:00+00:00 [queued]>
[2025-06-13T03:00:20.830+0000] {taskinstance.py:2614} INFO - Dependencies all met for dep_context=requeueable deps ti=<TaskInstance: payparser_pipeline_dag.check_for_new_images scheduled__2025-06-13T02:00:00+00:00 [queued]>
[2025-06-13T03:00:20.831+0000] {taskinstance.py:2867} INFO - Starting attempt 1 of 2
[2025-06-13T03:00:20.864+0000] {taskinstance.py:2890} INFO - Executing <Task(ShortCircuitOperator): check_for_new_images> on 2025-06-13 02:00:00+00:00
[2025-06-13T03:00:20.877+0000] {warnings.py:112} WARNING - /home/***/.local/lib/python3.12/site-packages/***/task/task_runner/standard_task_runner.py:70: DeprecationWarning: This process (pid=1960) is multi-threaded, use of fork() may lead to deadlocks in the child.
  pid = os.fork()

[2025-06-13T03:00:20.880+0000] {standard_task_runner.py:72} INFO - Started process 1961 to run task
[2025-06-13T03:00:20.880+0000] {standard_task_runner.py:104} INFO - Running: ['***', 'tasks', 'run', 'payparser_pipeline_dag', 'check_for_new_images', 'scheduled__2025-06-13T02:00:00+00:00', '--job-id', '57', '--raw', '--subdir', 'DAGS_FOLDER/payparser_dag.py', '--cfg-path', '/tmp/tmpsn28wkst']
[2025-06-13T03:00:20.884+0000] {standard_task_runner.py:105} INFO - Job 57: Subtask check_for_new_images
[2025-06-13T03:00:20.976+0000] {task_command.py:467} INFO - Running <TaskInstance: payparser_pipeline_dag.check_for_new_images scheduled__2025-06-13T02:00:00+00:00 [running]> on host 9b9192f456bf
[2025-06-13T03:00:21.087+0000] {taskinstance.py:3134} INFO - Exporting env vars: AIRFLOW_CTX_DAG_OWNER='zain' AIRFLOW_CTX_DAG_ID='payparser_pipeline_dag' AIRFLOW_CTX_TASK_ID='check_for_new_images' AIRFLOW_CTX_EXECUTION_DATE='2025-06-13T02:00:00+00:00' AIRFLOW_CTX_TRY_NUMBER='1' AIRFLOW_CTX_DAG_RUN_ID='scheduled__2025-06-13T02:00:00+00:00'
[2025-06-13T03:00:21.088+0000] {taskinstance.py:732} INFO - ::endgroup::
[2025-06-13T03:00:21.108+0000] {baseoperator.py:423} WARNING - ShortCircuitOperator.execute cannot be called outside TaskInstance!
[2025-06-13T03:00:21.114+0000] {python.py:240} INFO - Done. Returned value was: False
[2025-06-13T03:00:21.115+0000] {python.py:309} INFO - Condition result is False
[2025-06-13T03:00:21.116+0000] {python.py:336} INFO - Skipping downstream tasks
[2025-06-13T03:00:21.147+0000] {python.py:344} INFO - Done.
[2025-06-13T03:00:21.174+0000] {taskinstance.py:341} INFO - ::group::Post task execution logs
[2025-06-13T03:00:21.175+0000] {taskinstance.py:353} INFO - Marking task as SUCCESS. dag_id=payparser_pipeline_dag, task_id=check_for_new_images, run_id=scheduled__2025-06-13T02:00:00+00:00, execution_date=20250613T020000, start_date=20250613T030020, end_date=20250613T030021
[2025-06-13T03:00:21.217+0000] {local_task_job_runner.py:266} INFO - Task exited with return code 0
[2025-06-13T03:00:21.227+0000] {local_task_job_runner.py:245} INFO - ::endgroup::
