[2025-06-13T03:14:39.788+0000] {local_task_job_runner.py:123} INFO - ::group::Pre task execution logs
[2025-06-13T03:14:39.805+0000] {taskinstance.py:2614} INFO - Dependencies all met for dep_context=non-requeueable deps ti=<TaskInstance: payparser_pipeline_dag.check_for_new_images manual__2025-06-13T03:14:38.729757+00:00 [queued]>
[2025-06-13T03:14:39.813+0000] {taskinstance.py:2614} INFO - Dependencies all met for dep_context=requeueable deps ti=<TaskInstance: payparser_pipeline_dag.check_for_new_images manual__2025-06-13T03:14:38.729757+00:00 [queued]>
[2025-06-13T03:14:39.814+0000] {taskinstance.py:2867} INFO - Starting attempt 1 of 2
[2025-06-13T03:14:39.828+0000] {taskinstance.py:2890} INFO - Executing <Task(ShortCircuitOperator): check_for_new_images> on 2025-06-13 03:14:38.729757+00:00
[2025-06-13T03:14:39.833+0000] {warnings.py:112} WARNING - /home/***/.local/lib/python3.12/site-packages/***/task/task_runner/standard_task_runner.py:70: DeprecationWarning: This process (pid=81) is multi-threaded, use of fork() may lead to deadlocks in the child.
  pid = os.fork()

[2025-06-13T03:14:39.835+0000] {standard_task_runner.py:72} INFO - Started process 82 to run task
[2025-06-13T03:14:39.835+0000] {standard_task_runner.py:104} INFO - Running: ['***', 'tasks', 'run', 'payparser_pipeline_dag', 'check_for_new_images', 'manual__2025-06-13T03:14:38.729757+00:00', '--job-id', '74', '--raw', '--subdir', 'DAGS_FOLDER/payparser_dag.py', '--cfg-path', '/tmp/tmpe3ifcusm']
[2025-06-13T03:14:39.838+0000] {standard_task_runner.py:105} INFO - Job 74: Subtask check_for_new_images
[2025-06-13T03:14:39.896+0000] {task_command.py:467} INFO - Running <TaskInstance: payparser_pipeline_dag.check_for_new_images manual__2025-06-13T03:14:38.729757+00:00 [running]> on host 9b9192f456bf
[2025-06-13T03:14:39.985+0000] {taskinstance.py:3134} INFO - Exporting env vars: AIRFLOW_CTX_DAG_OWNER='zain' AIRFLOW_CTX_DAG_ID='payparser_pipeline_dag' AIRFLOW_CTX_TASK_ID='check_for_new_images' AIRFLOW_CTX_EXECUTION_DATE='2025-06-13T03:14:38.729757+00:00' AIRFLOW_CTX_TRY_NUMBER='1' AIRFLOW_CTX_DAG_RUN_ID='manual__2025-06-13T03:14:38.729757+00:00'
[2025-06-13T03:14:39.986+0000] {taskinstance.py:732} INFO - ::endgroup::
[2025-06-13T03:14:40.001+0000] {baseoperator.py:423} WARNING - ShortCircuitOperator.execute cannot be called outside TaskInstance!
[2025-06-13T03:14:40.020+0000] {python.py:240} INFO - Done. Returned value was: True
[2025-06-13T03:14:40.021+0000] {python.py:309} INFO - Condition result is True
[2025-06-13T03:14:40.021+0000] {python.py:312} INFO - Proceeding with downstream tasks...
[2025-06-13T03:14:40.040+0000] {taskinstance.py:341} INFO - ::group::Post task execution logs
[2025-06-13T03:14:40.041+0000] {taskinstance.py:353} INFO - Marking task as SUCCESS. dag_id=payparser_pipeline_dag, task_id=check_for_new_images, run_id=manual__2025-06-13T03:14:38.729757+00:00, execution_date=20250613T031438, start_date=20250613T031439, end_date=20250613T031440
[2025-06-13T03:14:40.091+0000] {local_task_job_runner.py:266} INFO - Task exited with return code 0
[2025-06-13T03:14:40.118+0000] {taskinstance.py:3901} INFO - 1 downstream tasks scheduled from follow-on schedule check
[2025-06-13T03:14:40.121+0000] {local_task_job_runner.py:245} INFO - ::endgroup::
