[2025-06-13T03:26:01.132+0000] {local_task_job_runner.py:123} INFO - ::group::Pre task execution logs
[2025-06-13T03:26:01.148+0000] {taskinstance.py:2614} INFO - Dependencies all met for dep_context=non-requeueable deps ti=<TaskInstance: payparser_pipeline_dag.check_for_new_images scheduled__2025-06-13T03:24:00+00:00 [queued]>
[2025-06-13T03:26:01.155+0000] {taskinstance.py:2614} INFO - Dependencies all met for dep_context=requeueable deps ti=<TaskInstance: payparser_pipeline_dag.check_for_new_images scheduled__2025-06-13T03:24:00+00:00 [queued]>
[2025-06-13T03:26:01.156+0000] {taskinstance.py:2867} INFO - Starting attempt 1 of 2
[2025-06-13T03:26:01.170+0000] {taskinstance.py:2890} INFO - Executing <Task(ShortCircuitOperator): check_for_new_images> on 2025-06-13 03:24:00+00:00
[2025-06-13T03:26:01.175+0000] {warnings.py:112} WARNING - /home/***/.local/lib/python3.12/site-packages/***/task/task_runner/standard_task_runner.py:70: DeprecationWarning: This process (pid=218) is multi-threaded, use of fork() may lead to deadlocks in the child.
  pid = os.fork()

[2025-06-13T03:26:01.177+0000] {standard_task_runner.py:72} INFO - Started process 219 to run task
[2025-06-13T03:26:01.177+0000] {standard_task_runner.py:104} INFO - Running: ['***', 'tasks', 'run', 'payparser_pipeline_dag', 'check_for_new_images', 'scheduled__2025-06-13T03:24:00+00:00', '--job-id', '87', '--raw', '--subdir', 'DAGS_FOLDER/payparser_dag.py', '--cfg-path', '/tmp/tmpnczoj96l']
[2025-06-13T03:26:01.179+0000] {standard_task_runner.py:105} INFO - Job 87: Subtask check_for_new_images
[2025-06-13T03:26:01.242+0000] {task_command.py:467} INFO - Running <TaskInstance: payparser_pipeline_dag.check_for_new_images scheduled__2025-06-13T03:24:00+00:00 [running]> on host 704605a5f1fb
[2025-06-13T03:26:01.335+0000] {taskinstance.py:3134} INFO - Exporting env vars: AIRFLOW_CTX_DAG_OWNER='zain' AIRFLOW_CTX_DAG_ID='payparser_pipeline_dag' AIRFLOW_CTX_TASK_ID='check_for_new_images' AIRFLOW_CTX_EXECUTION_DATE='2025-06-13T03:24:00+00:00' AIRFLOW_CTX_TRY_NUMBER='1' AIRFLOW_CTX_DAG_RUN_ID='scheduled__2025-06-13T03:24:00+00:00'
[2025-06-13T03:26:01.337+0000] {taskinstance.py:732} INFO - ::endgroup::
[2025-06-13T03:26:01.351+0000] {baseoperator.py:423} WARNING - ShortCircuitOperator.execute cannot be called outside TaskInstance!
[2025-06-13T03:26:01.359+0000] {python.py:240} INFO - Done. Returned value was: False
[2025-06-13T03:26:01.360+0000] {python.py:309} INFO - Condition result is False
[2025-06-13T03:26:01.360+0000] {python.py:336} INFO - Skipping downstream tasks
[2025-06-13T03:26:01.386+0000] {python.py:344} INFO - Done.
[2025-06-13T03:26:01.406+0000] {taskinstance.py:341} INFO - ::group::Post task execution logs
[2025-06-13T03:26:01.407+0000] {taskinstance.py:353} INFO - Marking task as SUCCESS. dag_id=payparser_pipeline_dag, task_id=check_for_new_images, run_id=scheduled__2025-06-13T03:24:00+00:00, execution_date=20250613T032400, start_date=20250613T032601, end_date=20250613T032601
[2025-06-13T03:26:01.472+0000] {local_task_job_runner.py:266} INFO - Task exited with return code 0
[2025-06-13T03:26:01.486+0000] {taskinstance.py:3901} INFO - 0 downstream tasks scheduled from follow-on schedule check
[2025-06-13T03:26:01.489+0000] {local_task_job_runner.py:245} INFO - ::endgroup::
