[2025-06-13T03:46:20.302+0000] {local_task_job_runner.py:123} INFO - ::group::Pre task execution logs
[2025-06-13T03:46:20.322+0000] {taskinstance.py:2614} INFO - Dependencies all met for dep_context=non-requeueable deps ti=<TaskInstance: payparser_pipeline_dag.instapay_processing_task scheduled__2025-06-13T03:44:00+00:00 [queued]>
[2025-06-13T03:46:20.331+0000] {taskinstance.py:2614} INFO - Dependencies all met for dep_context=requeueable deps ti=<TaskInstance: payparser_pipeline_dag.instapay_processing_task scheduled__2025-06-13T03:44:00+00:00 [queued]>
[2025-06-13T03:46:20.332+0000] {taskinstance.py:2867} INFO - Starting attempt 2 of 2
[2025-06-13T03:46:20.345+0000] {taskinstance.py:2890} INFO - Executing <Task(PythonOperator): instapay_processing_task> on 2025-06-13 03:44:00+00:00
[2025-06-13T03:46:20.351+0000] {warnings.py:112} WARNING - /home/***/.local/lib/python3.12/site-packages/***/task/task_runner/standard_task_runner.py:70: DeprecationWarning: This process (pid=183) is multi-threaded, use of fork() may lead to deadlocks in the child.
  pid = os.fork()

[2025-06-13T03:46:20.352+0000] {standard_task_runner.py:72} INFO - Started process 184 to run task
[2025-06-13T03:46:20.352+0000] {standard_task_runner.py:104} INFO - Running: ['***', 'tasks', 'run', 'payparser_pipeline_dag', 'instapay_processing_task', 'scheduled__2025-06-13T03:44:00+00:00', '--job-id', '132', '--raw', '--subdir', 'DAGS_FOLDER/payparser_dag.py', '--cfg-path', '/tmp/tmp8juvi0s6']
[2025-06-13T03:46:20.355+0000] {standard_task_runner.py:105} INFO - Job 132: Subtask instapay_processing_task
[2025-06-13T03:46:20.412+0000] {task_command.py:467} INFO - Running <TaskInstance: payparser_pipeline_dag.instapay_processing_task scheduled__2025-06-13T03:44:00+00:00 [running]> on host 99fad00d6fef
[2025-06-13T03:46:20.498+0000] {taskinstance.py:3134} INFO - Exporting env vars: AIRFLOW_CTX_DAG_OWNER='zain' AIRFLOW_CTX_DAG_ID='payparser_pipeline_dag' AIRFLOW_CTX_TASK_ID='instapay_processing_task' AIRFLOW_CTX_EXECUTION_DATE='2025-06-13T03:44:00+00:00' AIRFLOW_CTX_TRY_NUMBER='2' AIRFLOW_CTX_DAG_RUN_ID='scheduled__2025-06-13T03:44:00+00:00'
[2025-06-13T03:46:20.500+0000] {taskinstance.py:732} INFO - ::endgroup::
[2025-06-13T03:46:20.521+0000] {logging_mixin.py:190} INFO - ⚠️ No classified data found for instapay.
[2025-06-13T03:46:20.523+0000] {python.py:240} INFO - Done. Returned value was: None
[2025-06-13T03:46:20.532+0000] {taskinstance.py:341} INFO - ::group::Post task execution logs
[2025-06-13T03:46:20.533+0000] {taskinstance.py:353} INFO - Marking task as SUCCESS. dag_id=payparser_pipeline_dag, task_id=instapay_processing_task, run_id=scheduled__2025-06-13T03:44:00+00:00, execution_date=20250613T034400, start_date=20250613T034620, end_date=20250613T034620
[2025-06-13T03:46:20.567+0000] {local_task_job_runner.py:266} INFO - Task exited with return code 0
[2025-06-13T03:46:20.582+0000] {taskinstance.py:3901} INFO - 0 downstream tasks scheduled from follow-on schedule check
[2025-06-13T03:46:20.585+0000] {local_task_job_runner.py:245} INFO - ::endgroup::
