[2025-06-13T03:16:35.490+0000] {local_task_job_runner.py:123} INFO - ::group::Pre task execution logs
[2025-06-13T03:16:35.511+0000] {taskinstance.py:2614} INFO - Dependencies all met for dep_context=non-requeueable deps ti=<TaskInstance: payparser_pipeline_dag.process_new_images scheduled__2025-06-13T03:14:00+00:00 [queued]>
[2025-06-13T03:16:35.522+0000] {taskinstance.py:2614} INFO - Dependencies all met for dep_context=requeueable deps ti=<TaskInstance: payparser_pipeline_dag.process_new_images scheduled__2025-06-13T03:14:00+00:00 [queued]>
[2025-06-13T03:16:35.522+0000] {taskinstance.py:2867} INFO - Starting attempt 1 of 2
[2025-06-13T03:16:35.537+0000] {taskinstance.py:2890} INFO - Executing <Task(PythonOperator): process_new_images> on 2025-06-13 03:14:00+00:00
[2025-06-13T03:16:35.543+0000] {warnings.py:112} WARNING - /home/***/.local/lib/python3.12/site-packages/***/task/task_runner/standard_task_runner.py:70: DeprecationWarning: This process (pid=75) is multi-threaded, use of fork() may lead to deadlocks in the child.
  pid = os.fork()

[2025-06-13T03:16:35.545+0000] {standard_task_runner.py:72} INFO - Started process 76 to run task
[2025-06-13T03:16:35.545+0000] {standard_task_runner.py:104} INFO - Running: ['***', 'tasks', 'run', 'payparser_pipeline_dag', 'process_new_images', 'scheduled__2025-06-13T03:14:00+00:00', '--job-id', '79', '--raw', '--subdir', 'DAGS_FOLDER/payparser_dag.py', '--cfg-path', '/tmp/tmpxim6vkti']
[2025-06-13T03:16:35.547+0000] {standard_task_runner.py:105} INFO - Job 79: Subtask process_new_images
[2025-06-13T03:16:35.605+0000] {task_command.py:467} INFO - Running <TaskInstance: payparser_pipeline_dag.process_new_images scheduled__2025-06-13T03:14:00+00:00 [running]> on host 704605a5f1fb
[2025-06-13T03:16:35.701+0000] {taskinstance.py:3134} INFO - Exporting env vars: AIRFLOW_CTX_DAG_OWNER='zain' AIRFLOW_CTX_DAG_ID='payparser_pipeline_dag' AIRFLOW_CTX_TASK_ID='process_new_images' AIRFLOW_CTX_EXECUTION_DATE='2025-06-13T03:14:00+00:00' AIRFLOW_CTX_TRY_NUMBER='1' AIRFLOW_CTX_DAG_RUN_ID='scheduled__2025-06-13T03:14:00+00:00'
[2025-06-13T03:16:35.703+0000] {taskinstance.py:732} INFO - ::endgroup::
[2025-06-13T03:16:35.727+0000] {logging_mixin.py:190} INFO - ⏳ Processing image: /opt/***/shared/downloads/WhatsApp Image 2025-06-13 at 01.34.27_5af07ffa.jpg
[2025-06-13T03:16:36.887+0000] {logging_mixin.py:190} INFO - Inserted transaction into table: transactions
[2025-06-13T03:16:36.889+0000] {logging_mixin.py:190} INFO - ✅ Saved transaction for image: WhatsApp Image 2025-06-13 at 01.34.27_5af07ffa.jpg
[2025-06-13T03:16:36.892+0000] {python.py:240} INFO - Done. Returned value was: None
[2025-06-13T03:16:36.901+0000] {taskinstance.py:341} INFO - ::group::Post task execution logs
[2025-06-13T03:16:36.902+0000] {taskinstance.py:353} INFO - Marking task as SUCCESS. dag_id=payparser_pipeline_dag, task_id=process_new_images, run_id=scheduled__2025-06-13T03:14:00+00:00, execution_date=20250613T031400, start_date=20250613T031635, end_date=20250613T031636
[2025-06-13T03:16:36.964+0000] {local_task_job_runner.py:266} INFO - Task exited with return code 0
[2025-06-13T03:16:36.980+0000] {taskinstance.py:3901} INFO - 0 downstream tasks scheduled from follow-on schedule check
[2025-06-13T03:16:36.984+0000] {local_task_job_runner.py:245} INFO - ::endgroup::
