[2025-06-13T05:30:01.394+0000] {local_task_job_runner.py:123} INFO - ::group::Pre task execution logs
[2025-06-13T05:30:01.410+0000] {taskinstance.py:2614} INFO - Dependencies all met for dep_context=non-requeueable deps ti=<TaskInstance: payparser_pipeline_dag.detect_new_images_task scheduled__2025-06-13T05:28:00+00:00 [queued]>
[2025-06-13T05:30:01.418+0000] {taskinstance.py:2614} INFO - Dependencies all met for dep_context=requeueable deps ti=<TaskInstance: payparser_pipeline_dag.detect_new_images_task scheduled__2025-06-13T05:28:00+00:00 [queued]>
[2025-06-13T05:30:01.418+0000] {taskinstance.py:2867} INFO - Starting attempt 1 of 2
[2025-06-13T05:30:01.432+0000] {taskinstance.py:2890} INFO - Executing <Task(ShortCircuitOperator): detect_new_images_task> on 2025-06-13 05:28:00+00:00
[2025-06-13T05:30:01.437+0000] {warnings.py:112} WARNING - /home/***/.local/lib/python3.12/site-packages/***/task/task_runner/standard_task_runner.py:70: DeprecationWarning: This process (pid=131) is multi-threaded, use of fork() may lead to deadlocks in the child.
  pid = os.fork()

[2025-06-13T05:30:01.439+0000] {standard_task_runner.py:72} INFO - Started process 132 to run task
[2025-06-13T05:30:01.439+0000] {standard_task_runner.py:104} INFO - Running: ['***', 'tasks', 'run', 'payparser_pipeline_dag', 'detect_new_images_task', 'scheduled__2025-06-13T05:28:00+00:00', '--job-id', '203', '--raw', '--subdir', 'DAGS_FOLDER/payparser_dag.py', '--cfg-path', '/tmp/tmp7tyw9m45']
[2025-06-13T05:30:01.442+0000] {standard_task_runner.py:105} INFO - Job 203: Subtask detect_new_images_task
[2025-06-13T05:30:01.502+0000] {task_command.py:467} INFO - Running <TaskInstance: payparser_pipeline_dag.detect_new_images_task scheduled__2025-06-13T05:28:00+00:00 [running]> on host bc775d44bf0d
[2025-06-13T05:30:01.588+0000] {taskinstance.py:3134} INFO - Exporting env vars: AIRFLOW_CTX_DAG_OWNER='zain' AIRFLOW_CTX_DAG_ID='payparser_pipeline_dag' AIRFLOW_CTX_TASK_ID='detect_new_images_task' AIRFLOW_CTX_EXECUTION_DATE='2025-06-13T05:28:00+00:00' AIRFLOW_CTX_TRY_NUMBER='1' AIRFLOW_CTX_DAG_RUN_ID='scheduled__2025-06-13T05:28:00+00:00'
[2025-06-13T05:30:01.590+0000] {taskinstance.py:732} INFO - ::endgroup::
[2025-06-13T05:30:01.604+0000] {baseoperator.py:423} WARNING - ShortCircuitOperator.execute cannot be called outside TaskInstance!
[2025-06-13T05:30:01.631+0000] {python.py:240} INFO - Done. Returned value was: True
[2025-06-13T05:30:01.632+0000] {python.py:309} INFO - Condition result is True
[2025-06-13T05:30:01.632+0000] {python.py:312} INFO - Proceeding with downstream tasks...
[2025-06-13T05:30:01.651+0000] {taskinstance.py:341} INFO - ::group::Post task execution logs
[2025-06-13T05:30:01.652+0000] {taskinstance.py:353} INFO - Marking task as SUCCESS. dag_id=payparser_pipeline_dag, task_id=detect_new_images_task, run_id=scheduled__2025-06-13T05:28:00+00:00, execution_date=20250613T052800, start_date=20250613T053001, end_date=20250613T053001
[2025-06-13T05:30:01.694+0000] {local_task_job_runner.py:266} INFO - Task exited with return code 0
[2025-06-13T05:30:01.721+0000] {taskinstance.py:3901} INFO - 1 downstream tasks scheduled from follow-on schedule check
[2025-06-13T05:30:01.724+0000] {local_task_job_runner.py:245} INFO - ::endgroup::
