[2025-06-12T22:07:25.626+0000] {processor.py:186} INFO - Started process (PID=51) to work on /opt/airflow/dags/sensors/image_sensor.py
[2025-06-12T22:07:25.627+0000] {processor.py:914} INFO - Processing file /opt/airflow/dags/sensors/image_sensor.py for tasks to queue
[2025-06-12T22:07:25.630+0000] {logging_mixin.py:190} INFO - [2025-06-12T22:07:25.630+0000] {dagbag.py:588} INFO - Filling up the DagBag from /opt/airflow/dags/sensors/image_sensor.py
[2025-06-12T22:07:25.640+0000] {processor.py:927} WARNING - No viable dags retrieved from /opt/airflow/dags/sensors/image_sensor.py
[2025-06-12T22:07:25.655+0000] {processor.py:208} INFO - Processing /opt/airflow/dags/sensors/image_sensor.py took 0.035 seconds
[2025-06-12T22:07:56.036+0000] {processor.py:186} INFO - Started process (PID=59) to work on /opt/airflow/dags/sensors/image_sensor.py
[2025-06-12T22:07:56.037+0000] {processor.py:914} INFO - Processing file /opt/airflow/dags/sensors/image_sensor.py for tasks to queue
[2025-06-12T22:07:56.040+0000] {logging_mixin.py:190} INFO - [2025-06-12T22:07:56.040+0000] {dagbag.py:588} INFO - Filling up the DagBag from /opt/airflow/dags/sensors/image_sensor.py
[2025-06-12T22:07:56.051+0000] {processor.py:927} WARNING - No viable dags retrieved from /opt/airflow/dags/sensors/image_sensor.py
[2025-06-12T22:07:56.067+0000] {processor.py:208} INFO - Processing /opt/airflow/dags/sensors/image_sensor.py took 0.037 seconds
[2025-06-12T22:08:26.442+0000] {processor.py:186} INFO - Started process (PID=67) to work on /opt/airflow/dags/sensors/image_sensor.py
[2025-06-12T22:08:26.443+0000] {processor.py:914} INFO - Processing file /opt/airflow/dags/sensors/image_sensor.py for tasks to queue
[2025-06-12T22:08:26.445+0000] {logging_mixin.py:190} INFO - [2025-06-12T22:08:26.444+0000] {dagbag.py:588} INFO - Filling up the DagBag from /opt/airflow/dags/sensors/image_sensor.py
[2025-06-12T22:08:26.455+0000] {processor.py:927} WARNING - No viable dags retrieved from /opt/airflow/dags/sensors/image_sensor.py
[2025-06-12T22:08:26.470+0000] {processor.py:208} INFO - Processing /opt/airflow/dags/sensors/image_sensor.py took 0.036 seconds
[2025-06-12T22:08:56.818+0000] {processor.py:186} INFO - Started process (PID=81) to work on /opt/airflow/dags/sensors/image_sensor.py
[2025-06-12T22:08:56.819+0000] {processor.py:914} INFO - Processing file /opt/airflow/dags/sensors/image_sensor.py for tasks to queue
[2025-06-12T22:08:56.822+0000] {logging_mixin.py:190} INFO - [2025-06-12T22:08:56.821+0000] {dagbag.py:588} INFO - Filling up the DagBag from /opt/airflow/dags/sensors/image_sensor.py
[2025-06-12T22:08:56.831+0000] {processor.py:927} WARNING - No viable dags retrieved from /opt/airflow/dags/sensors/image_sensor.py
[2025-06-12T22:08:56.844+0000] {processor.py:208} INFO - Processing /opt/airflow/dags/sensors/image_sensor.py took 0.031 seconds
[2025-06-12T22:09:29.029+0000] {processor.py:186} INFO - Started process (PID=51) to work on /opt/airflow/dags/sensors/image_sensor.py
[2025-06-12T22:09:29.030+0000] {processor.py:914} INFO - Processing file /opt/airflow/dags/sensors/image_sensor.py for tasks to queue
[2025-06-12T22:09:29.032+0000] {logging_mixin.py:190} INFO - [2025-06-12T22:09:29.032+0000] {dagbag.py:588} INFO - Filling up the DagBag from /opt/airflow/dags/sensors/image_sensor.py
[2025-06-12T22:09:29.047+0000] {processor.py:927} WARNING - No viable dags retrieved from /opt/airflow/dags/sensors/image_sensor.py
[2025-06-12T22:09:29.070+0000] {processor.py:208} INFO - Processing /opt/airflow/dags/sensors/image_sensor.py took 0.048 seconds
[2025-06-12T22:12:22.452+0000] {processor.py:186} INFO - Started process (PID=57) to work on /opt/airflow/dags/sensors/image_sensor.py
[2025-06-12T22:12:22.453+0000] {processor.py:914} INFO - Processing file /opt/airflow/dags/sensors/image_sensor.py for tasks to queue
[2025-06-12T22:12:22.457+0000] {logging_mixin.py:190} INFO - [2025-06-12T22:12:22.457+0000] {dagbag.py:588} INFO - Filling up the DagBag from /opt/airflow/dags/sensors/image_sensor.py
[2025-06-12T22:12:22.481+0000] {processor.py:927} WARNING - No viable dags retrieved from /opt/airflow/dags/sensors/image_sensor.py
[2025-06-12T22:12:22.503+0000] {processor.py:208} INFO - Processing /opt/airflow/dags/sensors/image_sensor.py took 0.059 seconds
[2025-06-12T22:12:52.782+0000] {processor.py:186} INFO - Started process (PID=65) to work on /opt/airflow/dags/sensors/image_sensor.py
[2025-06-12T22:12:52.782+0000] {processor.py:914} INFO - Processing file /opt/airflow/dags/sensors/image_sensor.py for tasks to queue
[2025-06-12T22:12:52.784+0000] {logging_mixin.py:190} INFO - [2025-06-12T22:12:52.784+0000] {dagbag.py:588} INFO - Filling up the DagBag from /opt/airflow/dags/sensors/image_sensor.py
[2025-06-12T22:12:52.794+0000] {processor.py:927} WARNING - No viable dags retrieved from /opt/airflow/dags/sensors/image_sensor.py
[2025-06-12T22:12:52.807+0000] {processor.py:208} INFO - Processing /opt/airflow/dags/sensors/image_sensor.py took 0.031 seconds
[2025-06-12T22:13:23.160+0000] {processor.py:186} INFO - Started process (PID=73) to work on /opt/airflow/dags/sensors/image_sensor.py
[2025-06-12T22:13:23.161+0000] {processor.py:914} INFO - Processing file /opt/airflow/dags/sensors/image_sensor.py for tasks to queue
[2025-06-12T22:13:23.164+0000] {logging_mixin.py:190} INFO - [2025-06-12T22:13:23.163+0000] {dagbag.py:588} INFO - Filling up the DagBag from /opt/airflow/dags/sensors/image_sensor.py
[2025-06-12T22:13:23.177+0000] {processor.py:927} WARNING - No viable dags retrieved from /opt/airflow/dags/sensors/image_sensor.py
[2025-06-12T22:13:23.195+0000] {processor.py:208} INFO - Processing /opt/airflow/dags/sensors/image_sensor.py took 0.042 seconds
[2025-06-12T22:13:53.554+0000] {processor.py:186} INFO - Started process (PID=81) to work on /opt/airflow/dags/sensors/image_sensor.py
[2025-06-12T22:13:53.555+0000] {processor.py:914} INFO - Processing file /opt/airflow/dags/sensors/image_sensor.py for tasks to queue
[2025-06-12T22:13:53.558+0000] {logging_mixin.py:190} INFO - [2025-06-12T22:13:53.557+0000] {dagbag.py:588} INFO - Filling up the DagBag from /opt/airflow/dags/sensors/image_sensor.py
[2025-06-12T22:13:53.567+0000] {processor.py:927} WARNING - No viable dags retrieved from /opt/airflow/dags/sensors/image_sensor.py
[2025-06-12T22:13:53.581+0000] {processor.py:208} INFO - Processing /opt/airflow/dags/sensors/image_sensor.py took 0.033 seconds
[2025-06-12T22:14:23.984+0000] {processor.py:186} INFO - Started process (PID=95) to work on /opt/airflow/dags/sensors/image_sensor.py
[2025-06-12T22:14:23.985+0000] {processor.py:914} INFO - Processing file /opt/airflow/dags/sensors/image_sensor.py for tasks to queue
[2025-06-12T22:14:23.988+0000] {logging_mixin.py:190} INFO - [2025-06-12T22:14:23.987+0000] {dagbag.py:588} INFO - Filling up the DagBag from /opt/airflow/dags/sensors/image_sensor.py
[2025-06-12T22:14:24.000+0000] {processor.py:927} WARNING - No viable dags retrieved from /opt/airflow/dags/sensors/image_sensor.py
[2025-06-12T22:14:24.015+0000] {processor.py:208} INFO - Processing /opt/airflow/dags/sensors/image_sensor.py took 0.038 seconds
[2025-06-12T22:14:54.354+0000] {processor.py:186} INFO - Started process (PID=103) to work on /opt/airflow/dags/sensors/image_sensor.py
[2025-06-12T22:14:54.355+0000] {processor.py:914} INFO - Processing file /opt/airflow/dags/sensors/image_sensor.py for tasks to queue
[2025-06-12T22:14:54.358+0000] {logging_mixin.py:190} INFO - [2025-06-12T22:14:54.358+0000] {dagbag.py:588} INFO - Filling up the DagBag from /opt/airflow/dags/sensors/image_sensor.py
[2025-06-12T22:14:54.368+0000] {processor.py:927} WARNING - No viable dags retrieved from /opt/airflow/dags/sensors/image_sensor.py
[2025-06-12T22:14:54.383+0000] {processor.py:208} INFO - Processing /opt/airflow/dags/sensors/image_sensor.py took 0.035 seconds
[2025-06-12T22:15:24.700+0000] {processor.py:186} INFO - Started process (PID=111) to work on /opt/airflow/dags/sensors/image_sensor.py
[2025-06-12T22:15:24.701+0000] {processor.py:914} INFO - Processing file /opt/airflow/dags/sensors/image_sensor.py for tasks to queue
[2025-06-12T22:15:24.703+0000] {logging_mixin.py:190} INFO - [2025-06-12T22:15:24.703+0000] {dagbag.py:588} INFO - Filling up the DagBag from /opt/airflow/dags/sensors/image_sensor.py
[2025-06-12T22:15:24.714+0000] {processor.py:927} WARNING - No viable dags retrieved from /opt/airflow/dags/sensors/image_sensor.py
[2025-06-12T22:15:24.729+0000] {processor.py:208} INFO - Processing /opt/airflow/dags/sensors/image_sensor.py took 0.036 seconds
[2025-06-12T22:15:55.027+0000] {processor.py:186} INFO - Started process (PID=119) to work on /opt/airflow/dags/sensors/image_sensor.py
[2025-06-12T22:15:55.028+0000] {processor.py:914} INFO - Processing file /opt/airflow/dags/sensors/image_sensor.py for tasks to queue
[2025-06-12T22:15:55.030+0000] {logging_mixin.py:190} INFO - [2025-06-12T22:15:55.030+0000] {dagbag.py:588} INFO - Filling up the DagBag from /opt/airflow/dags/sensors/image_sensor.py
[2025-06-12T22:15:55.039+0000] {processor.py:927} WARNING - No viable dags retrieved from /opt/airflow/dags/sensors/image_sensor.py
[2025-06-12T22:15:55.052+0000] {processor.py:208} INFO - Processing /opt/airflow/dags/sensors/image_sensor.py took 0.030 seconds
[2025-06-12T22:16:25.374+0000] {processor.py:186} INFO - Started process (PID=127) to work on /opt/airflow/dags/sensors/image_sensor.py
[2025-06-12T22:16:25.374+0000] {processor.py:914} INFO - Processing file /opt/airflow/dags/sensors/image_sensor.py for tasks to queue
[2025-06-12T22:16:25.377+0000] {logging_mixin.py:190} INFO - [2025-06-12T22:16:25.377+0000] {dagbag.py:588} INFO - Filling up the DagBag from /opt/airflow/dags/sensors/image_sensor.py
[2025-06-12T22:16:25.388+0000] {processor.py:927} WARNING - No viable dags retrieved from /opt/airflow/dags/sensors/image_sensor.py
[2025-06-12T22:16:25.403+0000] {processor.py:208} INFO - Processing /opt/airflow/dags/sensors/image_sensor.py took 0.036 seconds
[2025-06-12T22:16:55.772+0000] {processor.py:186} INFO - Started process (PID=136) to work on /opt/airflow/dags/sensors/image_sensor.py
[2025-06-12T22:16:55.772+0000] {processor.py:914} INFO - Processing file /opt/airflow/dags/sensors/image_sensor.py for tasks to queue
[2025-06-12T22:16:55.774+0000] {logging_mixin.py:190} INFO - [2025-06-12T22:16:55.774+0000] {dagbag.py:588} INFO - Filling up the DagBag from /opt/airflow/dags/sensors/image_sensor.py
[2025-06-12T22:16:55.785+0000] {processor.py:927} WARNING - No viable dags retrieved from /opt/airflow/dags/sensors/image_sensor.py
[2025-06-12T22:16:55.801+0000] {processor.py:208} INFO - Processing /opt/airflow/dags/sensors/image_sensor.py took 0.035 seconds
[2025-06-12T22:17:26.231+0000] {processor.py:186} INFO - Started process (PID=144) to work on /opt/airflow/dags/sensors/image_sensor.py
[2025-06-12T22:17:26.232+0000] {processor.py:914} INFO - Processing file /opt/airflow/dags/sensors/image_sensor.py for tasks to queue
[2025-06-12T22:17:26.234+0000] {logging_mixin.py:190} INFO - [2025-06-12T22:17:26.234+0000] {dagbag.py:588} INFO - Filling up the DagBag from /opt/airflow/dags/sensors/image_sensor.py
[2025-06-12T22:17:26.244+0000] {processor.py:927} WARNING - No viable dags retrieved from /opt/airflow/dags/sensors/image_sensor.py
[2025-06-12T22:17:26.261+0000] {processor.py:208} INFO - Processing /opt/airflow/dags/sensors/image_sensor.py took 0.037 seconds
[2025-06-12T22:17:56.620+0000] {processor.py:186} INFO - Started process (PID=152) to work on /opt/airflow/dags/sensors/image_sensor.py
[2025-06-12T22:17:56.621+0000] {processor.py:914} INFO - Processing file /opt/airflow/dags/sensors/image_sensor.py for tasks to queue
[2025-06-12T22:17:56.623+0000] {logging_mixin.py:190} INFO - [2025-06-12T22:17:56.622+0000] {dagbag.py:588} INFO - Filling up the DagBag from /opt/airflow/dags/sensors/image_sensor.py
[2025-06-12T22:17:56.632+0000] {processor.py:927} WARNING - No viable dags retrieved from /opt/airflow/dags/sensors/image_sensor.py
[2025-06-12T22:17:56.648+0000] {processor.py:208} INFO - Processing /opt/airflow/dags/sensors/image_sensor.py took 0.034 seconds
[2025-06-12T22:19:06.851+0000] {processor.py:186} INFO - Started process (PID=57) to work on /opt/airflow/dags/sensors/image_sensor.py
[2025-06-12T22:19:06.852+0000] {processor.py:914} INFO - Processing file /opt/airflow/dags/sensors/image_sensor.py for tasks to queue
[2025-06-12T22:19:06.855+0000] {logging_mixin.py:190} INFO - [2025-06-12T22:19:06.855+0000] {dagbag.py:588} INFO - Filling up the DagBag from /opt/airflow/dags/sensors/image_sensor.py
[2025-06-12T22:19:06.866+0000] {processor.py:927} WARNING - No viable dags retrieved from /opt/airflow/dags/sensors/image_sensor.py
[2025-06-12T22:19:06.884+0000] {processor.py:208} INFO - Processing /opt/airflow/dags/sensors/image_sensor.py took 0.041 seconds
[2025-06-12T22:19:37.213+0000] {processor.py:186} INFO - Started process (PID=64) to work on /opt/airflow/dags/sensors/image_sensor.py
[2025-06-12T22:19:37.213+0000] {processor.py:914} INFO - Processing file /opt/airflow/dags/sensors/image_sensor.py for tasks to queue
[2025-06-12T22:19:37.216+0000] {logging_mixin.py:190} INFO - [2025-06-12T22:19:37.216+0000] {dagbag.py:588} INFO - Filling up the DagBag from /opt/airflow/dags/sensors/image_sensor.py
[2025-06-12T22:19:37.228+0000] {processor.py:927} WARNING - No viable dags retrieved from /opt/airflow/dags/sensors/image_sensor.py
[2025-06-12T22:19:37.240+0000] {processor.py:208} INFO - Processing /opt/airflow/dags/sensors/image_sensor.py took 0.034 seconds
[2025-06-12T22:21:11.299+0000] {processor.py:186} INFO - Started process (PID=52) to work on /opt/airflow/dags/sensors/image_sensor.py
[2025-06-12T22:21:11.300+0000] {processor.py:914} INFO - Processing file /opt/airflow/dags/sensors/image_sensor.py for tasks to queue
[2025-06-12T22:21:11.303+0000] {logging_mixin.py:190} INFO - [2025-06-12T22:21:11.302+0000] {dagbag.py:588} INFO - Filling up the DagBag from /opt/airflow/dags/sensors/image_sensor.py
[2025-06-12T22:21:11.315+0000] {processor.py:927} WARNING - No viable dags retrieved from /opt/airflow/dags/sensors/image_sensor.py
[2025-06-12T22:21:11.333+0000] {processor.py:208} INFO - Processing /opt/airflow/dags/sensors/image_sensor.py took 0.045 seconds
[2025-06-12T22:21:41.764+0000] {processor.py:186} INFO - Started process (PID=60) to work on /opt/airflow/dags/sensors/image_sensor.py
[2025-06-12T22:21:41.764+0000] {processor.py:914} INFO - Processing file /opt/airflow/dags/sensors/image_sensor.py for tasks to queue
[2025-06-12T22:21:41.767+0000] {logging_mixin.py:190} INFO - [2025-06-12T22:21:41.767+0000] {dagbag.py:588} INFO - Filling up the DagBag from /opt/airflow/dags/sensors/image_sensor.py
[2025-06-12T22:21:41.778+0000] {processor.py:927} WARNING - No viable dags retrieved from /opt/airflow/dags/sensors/image_sensor.py
[2025-06-12T22:21:41.794+0000] {processor.py:208} INFO - Processing /opt/airflow/dags/sensors/image_sensor.py took 0.037 seconds
[2025-06-12T22:22:12.255+0000] {processor.py:186} INFO - Started process (PID=68) to work on /opt/airflow/dags/sensors/image_sensor.py
[2025-06-12T22:22:12.256+0000] {processor.py:914} INFO - Processing file /opt/airflow/dags/sensors/image_sensor.py for tasks to queue
[2025-06-12T22:22:12.258+0000] {logging_mixin.py:190} INFO - [2025-06-12T22:22:12.258+0000] {dagbag.py:588} INFO - Filling up the DagBag from /opt/airflow/dags/sensors/image_sensor.py
[2025-06-12T22:22:12.267+0000] {processor.py:927} WARNING - No viable dags retrieved from /opt/airflow/dags/sensors/image_sensor.py
[2025-06-12T22:22:12.280+0000] {processor.py:208} INFO - Processing /opt/airflow/dags/sensors/image_sensor.py took 0.030 seconds
[2025-06-12T22:22:42.692+0000] {processor.py:186} INFO - Started process (PID=77) to work on /opt/airflow/dags/sensors/image_sensor.py
[2025-06-12T22:22:42.693+0000] {processor.py:914} INFO - Processing file /opt/airflow/dags/sensors/image_sensor.py for tasks to queue
[2025-06-12T22:22:42.696+0000] {logging_mixin.py:190} INFO - [2025-06-12T22:22:42.695+0000] {dagbag.py:588} INFO - Filling up the DagBag from /opt/airflow/dags/sensors/image_sensor.py
[2025-06-12T22:22:42.707+0000] {processor.py:927} WARNING - No viable dags retrieved from /opt/airflow/dags/sensors/image_sensor.py
[2025-06-12T22:22:42.722+0000] {processor.py:208} INFO - Processing /opt/airflow/dags/sensors/image_sensor.py took 0.037 seconds
[2025-06-12T22:23:13.111+0000] {processor.py:186} INFO - Started process (PID=86) to work on /opt/airflow/dags/sensors/image_sensor.py
[2025-06-12T22:23:13.112+0000] {processor.py:914} INFO - Processing file /opt/airflow/dags/sensors/image_sensor.py for tasks to queue
[2025-06-12T22:23:13.115+0000] {logging_mixin.py:190} INFO - [2025-06-12T22:23:13.114+0000] {dagbag.py:588} INFO - Filling up the DagBag from /opt/airflow/dags/sensors/image_sensor.py
[2025-06-12T22:23:13.128+0000] {processor.py:927} WARNING - No viable dags retrieved from /opt/airflow/dags/sensors/image_sensor.py
[2025-06-12T22:23:13.143+0000] {processor.py:208} INFO - Processing /opt/airflow/dags/sensors/image_sensor.py took 0.038 seconds
[2025-06-12T22:23:43.504+0000] {processor.py:186} INFO - Started process (PID=94) to work on /opt/airflow/dags/sensors/image_sensor.py
[2025-06-12T22:23:43.505+0000] {processor.py:914} INFO - Processing file /opt/airflow/dags/sensors/image_sensor.py for tasks to queue
[2025-06-12T22:23:43.507+0000] {logging_mixin.py:190} INFO - [2025-06-12T22:23:43.507+0000] {dagbag.py:588} INFO - Filling up the DagBag from /opt/airflow/dags/sensors/image_sensor.py
[2025-06-12T22:23:43.516+0000] {processor.py:927} WARNING - No viable dags retrieved from /opt/airflow/dags/sensors/image_sensor.py
[2025-06-12T22:23:43.529+0000] {processor.py:208} INFO - Processing /opt/airflow/dags/sensors/image_sensor.py took 0.030 seconds
[2025-06-12T22:24:13.967+0000] {processor.py:186} INFO - Started process (PID=108) to work on /opt/airflow/dags/sensors/image_sensor.py
[2025-06-12T22:24:13.969+0000] {processor.py:914} INFO - Processing file /opt/airflow/dags/sensors/image_sensor.py for tasks to queue
[2025-06-12T22:24:13.973+0000] {logging_mixin.py:190} INFO - [2025-06-12T22:24:13.973+0000] {dagbag.py:588} INFO - Filling up the DagBag from /opt/airflow/dags/sensors/image_sensor.py
[2025-06-12T22:24:13.989+0000] {processor.py:927} WARNING - No viable dags retrieved from /opt/airflow/dags/sensors/image_sensor.py
[2025-06-12T22:24:14.003+0000] {processor.py:208} INFO - Processing /opt/airflow/dags/sensors/image_sensor.py took 0.041 seconds
[2025-06-12T22:24:44.425+0000] {processor.py:186} INFO - Started process (PID=116) to work on /opt/airflow/dags/sensors/image_sensor.py
[2025-06-12T22:24:44.426+0000] {processor.py:914} INFO - Processing file /opt/airflow/dags/sensors/image_sensor.py for tasks to queue
[2025-06-12T22:24:44.428+0000] {logging_mixin.py:190} INFO - [2025-06-12T22:24:44.427+0000] {dagbag.py:588} INFO - Filling up the DagBag from /opt/airflow/dags/sensors/image_sensor.py
[2025-06-12T22:24:44.436+0000] {processor.py:927} WARNING - No viable dags retrieved from /opt/airflow/dags/sensors/image_sensor.py
[2025-06-12T22:24:44.448+0000] {processor.py:208} INFO - Processing /opt/airflow/dags/sensors/image_sensor.py took 0.029 seconds
[2025-06-12T22:25:14.784+0000] {processor.py:186} INFO - Started process (PID=124) to work on /opt/airflow/dags/sensors/image_sensor.py
[2025-06-12T22:25:14.785+0000] {processor.py:914} INFO - Processing file /opt/airflow/dags/sensors/image_sensor.py for tasks to queue
[2025-06-12T22:25:14.787+0000] {logging_mixin.py:190} INFO - [2025-06-12T22:25:14.786+0000] {dagbag.py:588} INFO - Filling up the DagBag from /opt/airflow/dags/sensors/image_sensor.py
[2025-06-12T22:25:14.797+0000] {processor.py:927} WARNING - No viable dags retrieved from /opt/airflow/dags/sensors/image_sensor.py
[2025-06-12T22:25:14.810+0000] {processor.py:208} INFO - Processing /opt/airflow/dags/sensors/image_sensor.py took 0.032 seconds
[2025-06-12T22:25:45.179+0000] {processor.py:186} INFO - Started process (PID=132) to work on /opt/airflow/dags/sensors/image_sensor.py
[2025-06-12T22:25:45.180+0000] {processor.py:914} INFO - Processing file /opt/airflow/dags/sensors/image_sensor.py for tasks to queue
[2025-06-12T22:25:45.182+0000] {logging_mixin.py:190} INFO - [2025-06-12T22:25:45.182+0000] {dagbag.py:588} INFO - Filling up the DagBag from /opt/airflow/dags/sensors/image_sensor.py
[2025-06-12T22:25:45.192+0000] {processor.py:927} WARNING - No viable dags retrieved from /opt/airflow/dags/sensors/image_sensor.py
[2025-06-12T22:25:45.207+0000] {processor.py:208} INFO - Processing /opt/airflow/dags/sensors/image_sensor.py took 0.034 seconds
[2025-06-12T22:26:15.576+0000] {processor.py:186} INFO - Started process (PID=140) to work on /opt/airflow/dags/sensors/image_sensor.py
[2025-06-12T22:26:15.576+0000] {processor.py:914} INFO - Processing file /opt/airflow/dags/sensors/image_sensor.py for tasks to queue
[2025-06-12T22:26:15.578+0000] {logging_mixin.py:190} INFO - [2025-06-12T22:26:15.578+0000] {dagbag.py:588} INFO - Filling up the DagBag from /opt/airflow/dags/sensors/image_sensor.py
[2025-06-12T22:26:15.587+0000] {processor.py:927} WARNING - No viable dags retrieved from /opt/airflow/dags/sensors/image_sensor.py
[2025-06-12T22:26:15.602+0000] {processor.py:208} INFO - Processing /opt/airflow/dags/sensors/image_sensor.py took 0.032 seconds
[2025-06-12T22:26:45.954+0000] {processor.py:186} INFO - Started process (PID=148) to work on /opt/airflow/dags/sensors/image_sensor.py
[2025-06-12T22:26:45.955+0000] {processor.py:914} INFO - Processing file /opt/airflow/dags/sensors/image_sensor.py for tasks to queue
[2025-06-12T22:26:45.958+0000] {logging_mixin.py:190} INFO - [2025-06-12T22:26:45.957+0000] {dagbag.py:588} INFO - Filling up the DagBag from /opt/airflow/dags/sensors/image_sensor.py
[2025-06-12T22:26:45.968+0000] {processor.py:927} WARNING - No viable dags retrieved from /opt/airflow/dags/sensors/image_sensor.py
[2025-06-12T22:26:45.983+0000] {processor.py:208} INFO - Processing /opt/airflow/dags/sensors/image_sensor.py took 0.036 seconds
[2025-06-12T22:31:11.907+0000] {processor.py:186} INFO - Started process (PID=205) to work on /opt/airflow/dags/sensors/image_sensor.py
[2025-06-12T22:31:11.908+0000] {processor.py:914} INFO - Processing file /opt/airflow/dags/sensors/image_sensor.py for tasks to queue
[2025-06-12T22:31:11.909+0000] {logging_mixin.py:190} INFO - [2025-06-12T22:31:11.909+0000] {dagbag.py:588} INFO - Filling up the DagBag from /opt/airflow/dags/sensors/image_sensor.py
[2025-06-12T22:31:11.920+0000] {processor.py:927} WARNING - No viable dags retrieved from /opt/airflow/dags/sensors/image_sensor.py
[2025-06-12T22:31:11.933+0000] {processor.py:208} INFO - Processing /opt/airflow/dags/sensors/image_sensor.py took 0.032 seconds
[2025-06-12T22:31:42.310+0000] {processor.py:186} INFO - Started process (PID=213) to work on /opt/airflow/dags/sensors/image_sensor.py
[2025-06-12T22:31:42.311+0000] {processor.py:914} INFO - Processing file /opt/airflow/dags/sensors/image_sensor.py for tasks to queue
[2025-06-12T22:31:42.312+0000] {logging_mixin.py:190} INFO - [2025-06-12T22:31:42.312+0000] {dagbag.py:588} INFO - Filling up the DagBag from /opt/airflow/dags/sensors/image_sensor.py
[2025-06-12T22:31:42.324+0000] {processor.py:927} WARNING - No viable dags retrieved from /opt/airflow/dags/sensors/image_sensor.py
[2025-06-12T22:31:42.336+0000] {processor.py:208} INFO - Processing /opt/airflow/dags/sensors/image_sensor.py took 0.032 seconds
[2025-06-12T22:32:12.636+0000] {processor.py:186} INFO - Started process (PID=221) to work on /opt/airflow/dags/sensors/image_sensor.py
[2025-06-12T22:32:12.637+0000] {processor.py:914} INFO - Processing file /opt/airflow/dags/sensors/image_sensor.py for tasks to queue
[2025-06-12T22:32:12.638+0000] {logging_mixin.py:190} INFO - [2025-06-12T22:32:12.638+0000] {dagbag.py:588} INFO - Filling up the DagBag from /opt/airflow/dags/sensors/image_sensor.py
[2025-06-12T22:32:12.649+0000] {processor.py:927} WARNING - No viable dags retrieved from /opt/airflow/dags/sensors/image_sensor.py
[2025-06-12T22:32:12.661+0000] {processor.py:208} INFO - Processing /opt/airflow/dags/sensors/image_sensor.py took 0.031 seconds
[2025-06-12T22:32:42.925+0000] {processor.py:186} INFO - Started process (PID=229) to work on /opt/airflow/dags/sensors/image_sensor.py
[2025-06-12T22:32:42.926+0000] {processor.py:914} INFO - Processing file /opt/airflow/dags/sensors/image_sensor.py for tasks to queue
[2025-06-12T22:32:42.927+0000] {logging_mixin.py:190} INFO - [2025-06-12T22:32:42.927+0000] {dagbag.py:588} INFO - Filling up the DagBag from /opt/airflow/dags/sensors/image_sensor.py
[2025-06-12T22:32:42.938+0000] {processor.py:927} WARNING - No viable dags retrieved from /opt/airflow/dags/sensors/image_sensor.py
[2025-06-12T22:32:42.950+0000] {processor.py:208} INFO - Processing /opt/airflow/dags/sensors/image_sensor.py took 0.031 seconds
[2025-06-12T22:33:13.367+0000] {processor.py:186} INFO - Started process (PID=237) to work on /opt/airflow/dags/sensors/image_sensor.py
[2025-06-12T22:33:13.368+0000] {processor.py:914} INFO - Processing file /opt/airflow/dags/sensors/image_sensor.py for tasks to queue
[2025-06-12T22:33:13.369+0000] {logging_mixin.py:190} INFO - [2025-06-12T22:33:13.369+0000] {dagbag.py:588} INFO - Filling up the DagBag from /opt/airflow/dags/sensors/image_sensor.py
[2025-06-12T22:33:13.382+0000] {processor.py:927} WARNING - No viable dags retrieved from /opt/airflow/dags/sensors/image_sensor.py
[2025-06-12T22:33:13.394+0000] {processor.py:208} INFO - Processing /opt/airflow/dags/sensors/image_sensor.py took 0.035 seconds
[2025-06-12T22:33:43.731+0000] {processor.py:186} INFO - Started process (PID=245) to work on /opt/airflow/dags/sensors/image_sensor.py
[2025-06-12T22:33:43.732+0000] {processor.py:914} INFO - Processing file /opt/airflow/dags/sensors/image_sensor.py for tasks to queue
[2025-06-12T22:33:43.733+0000] {logging_mixin.py:190} INFO - [2025-06-12T22:33:43.732+0000] {dagbag.py:588} INFO - Filling up the DagBag from /opt/airflow/dags/sensors/image_sensor.py
[2025-06-12T22:33:43.744+0000] {processor.py:927} WARNING - No viable dags retrieved from /opt/airflow/dags/sensors/image_sensor.py
[2025-06-12T22:33:43.756+0000] {processor.py:208} INFO - Processing /opt/airflow/dags/sensors/image_sensor.py took 0.031 seconds
[2025-06-12T22:34:14.071+0000] {processor.py:186} INFO - Started process (PID=253) to work on /opt/airflow/dags/sensors/image_sensor.py
[2025-06-12T22:34:14.072+0000] {processor.py:914} INFO - Processing file /opt/airflow/dags/sensors/image_sensor.py for tasks to queue
[2025-06-12T22:34:14.073+0000] {logging_mixin.py:190} INFO - [2025-06-12T22:34:14.073+0000] {dagbag.py:588} INFO - Filling up the DagBag from /opt/airflow/dags/sensors/image_sensor.py
[2025-06-12T22:34:14.085+0000] {processor.py:927} WARNING - No viable dags retrieved from /opt/airflow/dags/sensors/image_sensor.py
[2025-06-12T22:34:14.096+0000] {processor.py:208} INFO - Processing /opt/airflow/dags/sensors/image_sensor.py took 0.031 seconds
[2025-06-12T22:34:44.421+0000] {processor.py:186} INFO - Started process (PID=261) to work on /opt/airflow/dags/sensors/image_sensor.py
[2025-06-12T22:34:44.422+0000] {processor.py:914} INFO - Processing file /opt/airflow/dags/sensors/image_sensor.py for tasks to queue
[2025-06-12T22:34:44.423+0000] {logging_mixin.py:190} INFO - [2025-06-12T22:34:44.423+0000] {dagbag.py:588} INFO - Filling up the DagBag from /opt/airflow/dags/sensors/image_sensor.py
[2025-06-12T22:34:44.435+0000] {processor.py:927} WARNING - No viable dags retrieved from /opt/airflow/dags/sensors/image_sensor.py
[2025-06-12T22:34:44.447+0000] {processor.py:208} INFO - Processing /opt/airflow/dags/sensors/image_sensor.py took 0.032 seconds
[2025-06-12T22:35:14.795+0000] {processor.py:186} INFO - Started process (PID=269) to work on /opt/airflow/dags/sensors/image_sensor.py
[2025-06-12T22:35:14.796+0000] {processor.py:914} INFO - Processing file /opt/airflow/dags/sensors/image_sensor.py for tasks to queue
[2025-06-12T22:35:14.797+0000] {logging_mixin.py:190} INFO - [2025-06-12T22:35:14.797+0000] {dagbag.py:588} INFO - Filling up the DagBag from /opt/airflow/dags/sensors/image_sensor.py
[2025-06-12T22:35:14.814+0000] {processor.py:927} WARNING - No viable dags retrieved from /opt/airflow/dags/sensors/image_sensor.py
[2025-06-12T22:35:14.827+0000] {processor.py:208} INFO - Processing /opt/airflow/dags/sensors/image_sensor.py took 0.039 seconds
[2025-06-12T22:35:45.170+0000] {processor.py:186} INFO - Started process (PID=277) to work on /opt/airflow/dags/sensors/image_sensor.py
[2025-06-12T22:35:45.171+0000] {processor.py:914} INFO - Processing file /opt/airflow/dags/sensors/image_sensor.py for tasks to queue
[2025-06-12T22:35:45.172+0000] {logging_mixin.py:190} INFO - [2025-06-12T22:35:45.172+0000] {dagbag.py:588} INFO - Filling up the DagBag from /opt/airflow/dags/sensors/image_sensor.py
[2025-06-12T22:35:45.184+0000] {processor.py:927} WARNING - No viable dags retrieved from /opt/airflow/dags/sensors/image_sensor.py
[2025-06-12T22:35:45.198+0000] {processor.py:208} INFO - Processing /opt/airflow/dags/sensors/image_sensor.py took 0.034 seconds
[2025-06-12T22:36:15.544+0000] {processor.py:186} INFO - Started process (PID=291) to work on /opt/airflow/dags/sensors/image_sensor.py
[2025-06-12T22:36:15.545+0000] {processor.py:914} INFO - Processing file /opt/airflow/dags/sensors/image_sensor.py for tasks to queue
[2025-06-12T22:36:15.546+0000] {logging_mixin.py:190} INFO - [2025-06-12T22:36:15.546+0000] {dagbag.py:588} INFO - Filling up the DagBag from /opt/airflow/dags/sensors/image_sensor.py
[2025-06-12T22:36:15.559+0000] {processor.py:927} WARNING - No viable dags retrieved from /opt/airflow/dags/sensors/image_sensor.py
[2025-06-12T22:36:15.570+0000] {processor.py:208} INFO - Processing /opt/airflow/dags/sensors/image_sensor.py took 0.032 seconds
[2025-06-12T22:36:45.883+0000] {processor.py:186} INFO - Started process (PID=299) to work on /opt/airflow/dags/sensors/image_sensor.py
[2025-06-12T22:36:45.883+0000] {processor.py:914} INFO - Processing file /opt/airflow/dags/sensors/image_sensor.py for tasks to queue
[2025-06-12T22:36:45.885+0000] {logging_mixin.py:190} INFO - [2025-06-12T22:36:45.884+0000] {dagbag.py:588} INFO - Filling up the DagBag from /opt/airflow/dags/sensors/image_sensor.py
[2025-06-12T22:36:45.895+0000] {processor.py:927} WARNING - No viable dags retrieved from /opt/airflow/dags/sensors/image_sensor.py
[2025-06-12T22:36:45.907+0000] {processor.py:208} INFO - Processing /opt/airflow/dags/sensors/image_sensor.py took 0.031 seconds
[2025-06-12T22:37:16.258+0000] {processor.py:186} INFO - Started process (PID=307) to work on /opt/airflow/dags/sensors/image_sensor.py
[2025-06-12T22:37:16.259+0000] {processor.py:914} INFO - Processing file /opt/airflow/dags/sensors/image_sensor.py for tasks to queue
[2025-06-12T22:37:16.261+0000] {logging_mixin.py:190} INFO - [2025-06-12T22:37:16.261+0000] {dagbag.py:588} INFO - Filling up the DagBag from /opt/airflow/dags/sensors/image_sensor.py
[2025-06-12T22:37:16.272+0000] {processor.py:927} WARNING - No viable dags retrieved from /opt/airflow/dags/sensors/image_sensor.py
[2025-06-12T22:37:16.284+0000] {processor.py:208} INFO - Processing /opt/airflow/dags/sensors/image_sensor.py took 0.031 seconds
[2025-06-12T22:37:46.587+0000] {processor.py:186} INFO - Started process (PID=315) to work on /opt/airflow/dags/sensors/image_sensor.py
[2025-06-12T22:37:46.588+0000] {processor.py:914} INFO - Processing file /opt/airflow/dags/sensors/image_sensor.py for tasks to queue
[2025-06-12T22:37:46.589+0000] {logging_mixin.py:190} INFO - [2025-06-12T22:37:46.589+0000] {dagbag.py:588} INFO - Filling up the DagBag from /opt/airflow/dags/sensors/image_sensor.py
[2025-06-12T22:37:46.599+0000] {processor.py:927} WARNING - No viable dags retrieved from /opt/airflow/dags/sensors/image_sensor.py
[2025-06-12T22:37:46.612+0000] {processor.py:208} INFO - Processing /opt/airflow/dags/sensors/image_sensor.py took 0.031 seconds
[2025-06-12T22:38:16.927+0000] {processor.py:186} INFO - Started process (PID=323) to work on /opt/airflow/dags/sensors/image_sensor.py
[2025-06-12T22:38:16.928+0000] {processor.py:914} INFO - Processing file /opt/airflow/dags/sensors/image_sensor.py for tasks to queue
[2025-06-12T22:38:16.929+0000] {logging_mixin.py:190} INFO - [2025-06-12T22:38:16.928+0000] {dagbag.py:588} INFO - Filling up the DagBag from /opt/airflow/dags/sensors/image_sensor.py
[2025-06-12T22:38:16.941+0000] {processor.py:927} WARNING - No viable dags retrieved from /opt/airflow/dags/sensors/image_sensor.py
[2025-06-12T22:38:16.952+0000] {processor.py:208} INFO - Processing /opt/airflow/dags/sensors/image_sensor.py took 0.032 seconds
[2025-06-12T22:38:47.307+0000] {processor.py:186} INFO - Started process (PID=331) to work on /opt/airflow/dags/sensors/image_sensor.py
[2025-06-12T22:38:47.308+0000] {processor.py:914} INFO - Processing file /opt/airflow/dags/sensors/image_sensor.py for tasks to queue
[2025-06-12T22:38:47.310+0000] {logging_mixin.py:190} INFO - [2025-06-12T22:38:47.309+0000] {dagbag.py:588} INFO - Filling up the DagBag from /opt/airflow/dags/sensors/image_sensor.py
[2025-06-12T22:38:47.321+0000] {processor.py:927} WARNING - No viable dags retrieved from /opt/airflow/dags/sensors/image_sensor.py
[2025-06-12T22:38:47.335+0000] {processor.py:208} INFO - Processing /opt/airflow/dags/sensors/image_sensor.py took 0.034 seconds
[2025-06-12T22:39:17.678+0000] {processor.py:186} INFO - Started process (PID=339) to work on /opt/airflow/dags/sensors/image_sensor.py
[2025-06-12T22:39:17.679+0000] {processor.py:914} INFO - Processing file /opt/airflow/dags/sensors/image_sensor.py for tasks to queue
[2025-06-12T22:39:17.680+0000] {logging_mixin.py:190} INFO - [2025-06-12T22:39:17.680+0000] {dagbag.py:588} INFO - Filling up the DagBag from /opt/airflow/dags/sensors/image_sensor.py
[2025-06-12T22:39:17.691+0000] {processor.py:927} WARNING - No viable dags retrieved from /opt/airflow/dags/sensors/image_sensor.py
[2025-06-12T22:39:17.704+0000] {processor.py:208} INFO - Processing /opt/airflow/dags/sensors/image_sensor.py took 0.032 seconds
[2025-06-12T22:39:48.001+0000] {processor.py:186} INFO - Started process (PID=347) to work on /opt/airflow/dags/sensors/image_sensor.py
[2025-06-12T22:39:48.002+0000] {processor.py:914} INFO - Processing file /opt/airflow/dags/sensors/image_sensor.py for tasks to queue
[2025-06-12T22:39:48.003+0000] {logging_mixin.py:190} INFO - [2025-06-12T22:39:48.003+0000] {dagbag.py:588} INFO - Filling up the DagBag from /opt/airflow/dags/sensors/image_sensor.py
[2025-06-12T22:39:48.015+0000] {processor.py:927} WARNING - No viable dags retrieved from /opt/airflow/dags/sensors/image_sensor.py
[2025-06-12T22:39:48.027+0000] {processor.py:208} INFO - Processing /opt/airflow/dags/sensors/image_sensor.py took 0.032 seconds
[2025-06-12T22:40:18.337+0000] {processor.py:186} INFO - Started process (PID=355) to work on /opt/airflow/dags/sensors/image_sensor.py
[2025-06-12T22:40:18.338+0000] {processor.py:914} INFO - Processing file /opt/airflow/dags/sensors/image_sensor.py for tasks to queue
[2025-06-12T22:40:18.339+0000] {logging_mixin.py:190} INFO - [2025-06-12T22:40:18.339+0000] {dagbag.py:588} INFO - Filling up the DagBag from /opt/airflow/dags/sensors/image_sensor.py
[2025-06-12T22:40:18.352+0000] {processor.py:927} WARNING - No viable dags retrieved from /opt/airflow/dags/sensors/image_sensor.py
[2025-06-12T22:40:18.364+0000] {processor.py:208} INFO - Processing /opt/airflow/dags/sensors/image_sensor.py took 0.033 seconds
[2025-06-12T22:41:05.580+0000] {processor.py:186} INFO - Started process (PID=50) to work on /opt/airflow/dags/sensors/image_sensor.py
[2025-06-12T22:41:05.581+0000] {processor.py:914} INFO - Processing file /opt/airflow/dags/sensors/image_sensor.py for tasks to queue
[2025-06-12T22:41:05.584+0000] {logging_mixin.py:190} INFO - [2025-06-12T22:41:05.583+0000] {dagbag.py:588} INFO - Filling up the DagBag from /opt/airflow/dags/sensors/image_sensor.py
[2025-06-12T22:41:05.594+0000] {processor.py:927} WARNING - No viable dags retrieved from /opt/airflow/dags/sensors/image_sensor.py
[2025-06-12T22:41:05.607+0000] {processor.py:208} INFO - Processing /opt/airflow/dags/sensors/image_sensor.py took 0.033 seconds
[2025-06-12T22:41:35.987+0000] {processor.py:186} INFO - Started process (PID=64) to work on /opt/airflow/dags/sensors/image_sensor.py
[2025-06-12T22:41:35.988+0000] {processor.py:914} INFO - Processing file /opt/airflow/dags/sensors/image_sensor.py for tasks to queue
[2025-06-12T22:41:35.991+0000] {logging_mixin.py:190} INFO - [2025-06-12T22:41:35.990+0000] {dagbag.py:588} INFO - Filling up the DagBag from /opt/airflow/dags/sensors/image_sensor.py
[2025-06-12T22:41:36.003+0000] {processor.py:927} WARNING - No viable dags retrieved from /opt/airflow/dags/sensors/image_sensor.py
[2025-06-12T22:41:36.019+0000] {processor.py:208} INFO - Processing /opt/airflow/dags/sensors/image_sensor.py took 0.040 seconds
[2025-06-12T22:42:06.416+0000] {processor.py:186} INFO - Started process (PID=72) to work on /opt/airflow/dags/sensors/image_sensor.py
[2025-06-12T22:42:06.417+0000] {processor.py:914} INFO - Processing file /opt/airflow/dags/sensors/image_sensor.py for tasks to queue
[2025-06-12T22:42:06.419+0000] {logging_mixin.py:190} INFO - [2025-06-12T22:42:06.419+0000] {dagbag.py:588} INFO - Filling up the DagBag from /opt/airflow/dags/sensors/image_sensor.py
[2025-06-12T22:42:06.432+0000] {processor.py:927} WARNING - No viable dags retrieved from /opt/airflow/dags/sensors/image_sensor.py
[2025-06-12T22:42:06.451+0000] {processor.py:208} INFO - Processing /opt/airflow/dags/sensors/image_sensor.py took 0.041 seconds
[2025-06-12T22:42:36.806+0000] {processor.py:186} INFO - Started process (PID=80) to work on /opt/airflow/dags/sensors/image_sensor.py
[2025-06-12T22:42:36.807+0000] {processor.py:914} INFO - Processing file /opt/airflow/dags/sensors/image_sensor.py for tasks to queue
[2025-06-12T22:42:36.810+0000] {logging_mixin.py:190} INFO - [2025-06-12T22:42:36.810+0000] {dagbag.py:588} INFO - Filling up the DagBag from /opt/airflow/dags/sensors/image_sensor.py
[2025-06-12T22:42:36.822+0000] {processor.py:927} WARNING - No viable dags retrieved from /opt/airflow/dags/sensors/image_sensor.py
[2025-06-12T22:42:36.837+0000] {processor.py:208} INFO - Processing /opt/airflow/dags/sensors/image_sensor.py took 0.038 seconds
[2025-06-12T22:45:44.112+0000] {processor.py:186} INFO - Started process (PID=56) to work on /opt/airflow/dags/sensors/image_sensor.py
[2025-06-12T22:45:44.114+0000] {processor.py:914} INFO - Processing file /opt/airflow/dags/sensors/image_sensor.py for tasks to queue
[2025-06-12T22:45:44.117+0000] {logging_mixin.py:190} INFO - [2025-06-12T22:45:44.117+0000] {dagbag.py:588} INFO - Filling up the DagBag from /opt/airflow/dags/sensors/image_sensor.py
[2025-06-12T22:45:44.131+0000] {processor.py:927} WARNING - No viable dags retrieved from /opt/airflow/dags/sensors/image_sensor.py
[2025-06-12T22:45:44.147+0000] {processor.py:208} INFO - Processing /opt/airflow/dags/sensors/image_sensor.py took 0.042 seconds
[2025-06-12T22:46:14.540+0000] {processor.py:186} INFO - Started process (PID=64) to work on /opt/airflow/dags/sensors/image_sensor.py
[2025-06-12T22:46:14.541+0000] {processor.py:914} INFO - Processing file /opt/airflow/dags/sensors/image_sensor.py for tasks to queue
[2025-06-12T22:46:14.543+0000] {logging_mixin.py:190} INFO - [2025-06-12T22:46:14.543+0000] {dagbag.py:588} INFO - Filling up the DagBag from /opt/airflow/dags/sensors/image_sensor.py
[2025-06-12T22:46:14.554+0000] {processor.py:927} WARNING - No viable dags retrieved from /opt/airflow/dags/sensors/image_sensor.py
[2025-06-12T22:46:14.568+0000] {processor.py:208} INFO - Processing /opt/airflow/dags/sensors/image_sensor.py took 0.034 seconds
[2025-06-12T22:46:44.981+0000] {processor.py:186} INFO - Started process (PID=72) to work on /opt/airflow/dags/sensors/image_sensor.py
[2025-06-12T22:46:44.983+0000] {processor.py:914} INFO - Processing file /opt/airflow/dags/sensors/image_sensor.py for tasks to queue
[2025-06-12T22:46:44.985+0000] {logging_mixin.py:190} INFO - [2025-06-12T22:46:44.985+0000] {dagbag.py:588} INFO - Filling up the DagBag from /opt/airflow/dags/sensors/image_sensor.py
[2025-06-12T22:46:44.998+0000] {processor.py:927} WARNING - No viable dags retrieved from /opt/airflow/dags/sensors/image_sensor.py
[2025-06-12T22:46:45.014+0000] {processor.py:208} INFO - Processing /opt/airflow/dags/sensors/image_sensor.py took 0.040 seconds
[2025-06-12T22:47:15.387+0000] {processor.py:186} INFO - Started process (PID=80) to work on /opt/airflow/dags/sensors/image_sensor.py
[2025-06-12T22:47:15.388+0000] {processor.py:914} INFO - Processing file /opt/airflow/dags/sensors/image_sensor.py for tasks to queue
[2025-06-12T22:47:15.391+0000] {logging_mixin.py:190} INFO - [2025-06-12T22:47:15.390+0000] {dagbag.py:588} INFO - Filling up the DagBag from /opt/airflow/dags/sensors/image_sensor.py
[2025-06-12T22:47:15.404+0000] {processor.py:927} WARNING - No viable dags retrieved from /opt/airflow/dags/sensors/image_sensor.py
[2025-06-12T22:47:15.418+0000] {processor.py:208} INFO - Processing /opt/airflow/dags/sensors/image_sensor.py took 0.037 seconds
[2025-06-12T22:47:45.764+0000] {processor.py:186} INFO - Started process (PID=95) to work on /opt/airflow/dags/sensors/image_sensor.py
[2025-06-12T22:47:45.765+0000] {processor.py:914} INFO - Processing file /opt/airflow/dags/sensors/image_sensor.py for tasks to queue
[2025-06-12T22:47:45.768+0000] {logging_mixin.py:190} INFO - [2025-06-12T22:47:45.767+0000] {dagbag.py:588} INFO - Filling up the DagBag from /opt/airflow/dags/sensors/image_sensor.py
[2025-06-12T22:47:45.780+0000] {processor.py:927} WARNING - No viable dags retrieved from /opt/airflow/dags/sensors/image_sensor.py
[2025-06-12T22:47:45.795+0000] {processor.py:208} INFO - Processing /opt/airflow/dags/sensors/image_sensor.py took 0.039 seconds
[2025-06-12T22:48:16.261+0000] {processor.py:186} INFO - Started process (PID=103) to work on /opt/airflow/dags/sensors/image_sensor.py
[2025-06-12T22:48:16.262+0000] {processor.py:914} INFO - Processing file /opt/airflow/dags/sensors/image_sensor.py for tasks to queue
[2025-06-12T22:48:16.265+0000] {logging_mixin.py:190} INFO - [2025-06-12T22:48:16.264+0000] {dagbag.py:588} INFO - Filling up the DagBag from /opt/airflow/dags/sensors/image_sensor.py
[2025-06-12T22:48:16.280+0000] {processor.py:927} WARNING - No viable dags retrieved from /opt/airflow/dags/sensors/image_sensor.py
[2025-06-12T22:48:16.293+0000] {processor.py:208} INFO - Processing /opt/airflow/dags/sensors/image_sensor.py took 0.039 seconds
[2025-06-12T22:48:46.616+0000] {processor.py:186} INFO - Started process (PID=111) to work on /opt/airflow/dags/sensors/image_sensor.py
[2025-06-12T22:48:46.617+0000] {processor.py:914} INFO - Processing file /opt/airflow/dags/sensors/image_sensor.py for tasks to queue
[2025-06-12T22:48:46.619+0000] {logging_mixin.py:190} INFO - [2025-06-12T22:48:46.618+0000] {dagbag.py:588} INFO - Filling up the DagBag from /opt/airflow/dags/sensors/image_sensor.py
[2025-06-12T22:48:46.630+0000] {processor.py:927} WARNING - No viable dags retrieved from /opt/airflow/dags/sensors/image_sensor.py
[2025-06-12T22:48:46.644+0000] {processor.py:208} INFO - Processing /opt/airflow/dags/sensors/image_sensor.py took 0.034 seconds
[2025-06-12T22:49:16.994+0000] {processor.py:186} INFO - Started process (PID=119) to work on /opt/airflow/dags/sensors/image_sensor.py
[2025-06-12T22:49:16.995+0000] {processor.py:914} INFO - Processing file /opt/airflow/dags/sensors/image_sensor.py for tasks to queue
[2025-06-12T22:49:16.998+0000] {logging_mixin.py:190} INFO - [2025-06-12T22:49:16.997+0000] {dagbag.py:588} INFO - Filling up the DagBag from /opt/airflow/dags/sensors/image_sensor.py
[2025-06-12T22:49:17.010+0000] {processor.py:927} WARNING - No viable dags retrieved from /opt/airflow/dags/sensors/image_sensor.py
[2025-06-12T22:49:17.025+0000] {processor.py:208} INFO - Processing /opt/airflow/dags/sensors/image_sensor.py took 0.036 seconds
[2025-06-12T22:49:47.553+0000] {processor.py:186} INFO - Started process (PID=127) to work on /opt/airflow/dags/sensors/image_sensor.py
[2025-06-12T22:49:47.554+0000] {processor.py:914} INFO - Processing file /opt/airflow/dags/sensors/image_sensor.py for tasks to queue
[2025-06-12T22:49:47.557+0000] {logging_mixin.py:190} INFO - [2025-06-12T22:49:47.557+0000] {dagbag.py:588} INFO - Filling up the DagBag from /opt/airflow/dags/sensors/image_sensor.py
[2025-06-12T22:49:47.569+0000] {processor.py:927} WARNING - No viable dags retrieved from /opt/airflow/dags/sensors/image_sensor.py
[2025-06-12T22:49:47.587+0000] {processor.py:208} INFO - Processing /opt/airflow/dags/sensors/image_sensor.py took 0.041 seconds
[2025-06-12T22:50:18.056+0000] {processor.py:186} INFO - Started process (PID=135) to work on /opt/airflow/dags/sensors/image_sensor.py
[2025-06-12T22:50:18.057+0000] {processor.py:914} INFO - Processing file /opt/airflow/dags/sensors/image_sensor.py for tasks to queue
[2025-06-12T22:50:18.060+0000] {logging_mixin.py:190} INFO - [2025-06-12T22:50:18.060+0000] {dagbag.py:588} INFO - Filling up the DagBag from /opt/airflow/dags/sensors/image_sensor.py
[2025-06-12T22:50:18.073+0000] {processor.py:927} WARNING - No viable dags retrieved from /opt/airflow/dags/sensors/image_sensor.py
[2025-06-12T22:50:18.088+0000] {processor.py:208} INFO - Processing /opt/airflow/dags/sensors/image_sensor.py took 0.037 seconds
[2025-06-12T22:50:48.628+0000] {processor.py:186} INFO - Started process (PID=143) to work on /opt/airflow/dags/sensors/image_sensor.py
[2025-06-12T22:50:48.629+0000] {processor.py:914} INFO - Processing file /opt/airflow/dags/sensors/image_sensor.py for tasks to queue
[2025-06-12T22:50:48.632+0000] {logging_mixin.py:190} INFO - [2025-06-12T22:50:48.631+0000] {dagbag.py:588} INFO - Filling up the DagBag from /opt/airflow/dags/sensors/image_sensor.py
[2025-06-12T22:50:48.643+0000] {processor.py:927} WARNING - No viable dags retrieved from /opt/airflow/dags/sensors/image_sensor.py
[2025-06-12T22:50:48.658+0000] {processor.py:208} INFO - Processing /opt/airflow/dags/sensors/image_sensor.py took 0.036 seconds
[2025-06-12T22:51:19.172+0000] {processor.py:186} INFO - Started process (PID=151) to work on /opt/airflow/dags/sensors/image_sensor.py
[2025-06-12T22:51:19.173+0000] {processor.py:914} INFO - Processing file /opt/airflow/dags/sensors/image_sensor.py for tasks to queue
[2025-06-12T22:51:19.175+0000] {logging_mixin.py:190} INFO - [2025-06-12T22:51:19.175+0000] {dagbag.py:588} INFO - Filling up the DagBag from /opt/airflow/dags/sensors/image_sensor.py
[2025-06-12T22:51:19.188+0000] {processor.py:927} WARNING - No viable dags retrieved from /opt/airflow/dags/sensors/image_sensor.py
[2025-06-12T22:51:19.201+0000] {processor.py:208} INFO - Processing /opt/airflow/dags/sensors/image_sensor.py took 0.035 seconds
[2025-06-12T22:51:49.683+0000] {processor.py:186} INFO - Started process (PID=159) to work on /opt/airflow/dags/sensors/image_sensor.py
[2025-06-12T22:51:49.683+0000] {processor.py:914} INFO - Processing file /opt/airflow/dags/sensors/image_sensor.py for tasks to queue
[2025-06-12T22:51:49.686+0000] {logging_mixin.py:190} INFO - [2025-06-12T22:51:49.685+0000] {dagbag.py:588} INFO - Filling up the DagBag from /opt/airflow/dags/sensors/image_sensor.py
[2025-06-12T22:51:49.697+0000] {processor.py:927} WARNING - No viable dags retrieved from /opt/airflow/dags/sensors/image_sensor.py
[2025-06-12T22:51:49.710+0000] {processor.py:208} INFO - Processing /opt/airflow/dags/sensors/image_sensor.py took 0.033 seconds
[2025-06-12T22:52:20.238+0000] {processor.py:186} INFO - Started process (PID=167) to work on /opt/airflow/dags/sensors/image_sensor.py
[2025-06-12T22:52:20.239+0000] {processor.py:914} INFO - Processing file /opt/airflow/dags/sensors/image_sensor.py for tasks to queue
[2025-06-12T22:52:20.242+0000] {logging_mixin.py:190} INFO - [2025-06-12T22:52:20.242+0000] {dagbag.py:588} INFO - Filling up the DagBag from /opt/airflow/dags/sensors/image_sensor.py
[2025-06-12T22:52:20.255+0000] {processor.py:927} WARNING - No viable dags retrieved from /opt/airflow/dags/sensors/image_sensor.py
[2025-06-12T22:52:20.271+0000] {processor.py:208} INFO - Processing /opt/airflow/dags/sensors/image_sensor.py took 0.040 seconds
[2025-06-12T22:52:50.717+0000] {processor.py:186} INFO - Started process (PID=175) to work on /opt/airflow/dags/sensors/image_sensor.py
[2025-06-12T22:52:50.718+0000] {processor.py:914} INFO - Processing file /opt/airflow/dags/sensors/image_sensor.py for tasks to queue
[2025-06-12T22:52:50.720+0000] {logging_mixin.py:190} INFO - [2025-06-12T22:52:50.720+0000] {dagbag.py:588} INFO - Filling up the DagBag from /opt/airflow/dags/sensors/image_sensor.py
[2025-06-12T22:52:50.733+0000] {processor.py:927} WARNING - No viable dags retrieved from /opt/airflow/dags/sensors/image_sensor.py
[2025-06-12T22:52:50.748+0000] {processor.py:208} INFO - Processing /opt/airflow/dags/sensors/image_sensor.py took 0.037 seconds
[2025-06-12T22:53:21.376+0000] {processor.py:186} INFO - Started process (PID=183) to work on /opt/airflow/dags/sensors/image_sensor.py
[2025-06-12T22:53:21.377+0000] {processor.py:914} INFO - Processing file /opt/airflow/dags/sensors/image_sensor.py for tasks to queue
[2025-06-12T22:53:21.379+0000] {logging_mixin.py:190} INFO - [2025-06-12T22:53:21.379+0000] {dagbag.py:588} INFO - Filling up the DagBag from /opt/airflow/dags/sensors/image_sensor.py
[2025-06-12T22:53:21.391+0000] {processor.py:927} WARNING - No viable dags retrieved from /opt/airflow/dags/sensors/image_sensor.py
[2025-06-12T22:53:21.403+0000] {processor.py:208} INFO - Processing /opt/airflow/dags/sensors/image_sensor.py took 0.033 seconds
[2025-06-12T22:53:51.743+0000] {processor.py:186} INFO - Started process (PID=191) to work on /opt/airflow/dags/sensors/image_sensor.py
[2025-06-12T22:53:51.744+0000] {processor.py:914} INFO - Processing file /opt/airflow/dags/sensors/image_sensor.py for tasks to queue
[2025-06-12T22:53:51.746+0000] {logging_mixin.py:190} INFO - [2025-06-12T22:53:51.746+0000] {dagbag.py:588} INFO - Filling up the DagBag from /opt/airflow/dags/sensors/image_sensor.py
[2025-06-12T22:53:51.758+0000] {processor.py:927} WARNING - No viable dags retrieved from /opt/airflow/dags/sensors/image_sensor.py
[2025-06-12T22:53:51.770+0000] {processor.py:208} INFO - Processing /opt/airflow/dags/sensors/image_sensor.py took 0.033 seconds
[2025-06-12T22:54:22.239+0000] {processor.py:186} INFO - Started process (PID=199) to work on /opt/airflow/dags/sensors/image_sensor.py
[2025-06-12T22:54:22.241+0000] {processor.py:914} INFO - Processing file /opt/airflow/dags/sensors/image_sensor.py for tasks to queue
[2025-06-12T22:54:22.243+0000] {logging_mixin.py:190} INFO - [2025-06-12T22:54:22.243+0000] {dagbag.py:588} INFO - Filling up the DagBag from /opt/airflow/dags/sensors/image_sensor.py
[2025-06-12T22:54:22.256+0000] {processor.py:927} WARNING - No viable dags retrieved from /opt/airflow/dags/sensors/image_sensor.py
[2025-06-12T22:54:22.271+0000] {processor.py:208} INFO - Processing /opt/airflow/dags/sensors/image_sensor.py took 0.039 seconds
[2025-06-12T22:54:52.743+0000] {processor.py:186} INFO - Started process (PID=207) to work on /opt/airflow/dags/sensors/image_sensor.py
[2025-06-12T22:54:52.744+0000] {processor.py:914} INFO - Processing file /opt/airflow/dags/sensors/image_sensor.py for tasks to queue
[2025-06-12T22:54:52.746+0000] {logging_mixin.py:190} INFO - [2025-06-12T22:54:52.746+0000] {dagbag.py:588} INFO - Filling up the DagBag from /opt/airflow/dags/sensors/image_sensor.py
[2025-06-12T22:54:52.757+0000] {processor.py:927} WARNING - No viable dags retrieved from /opt/airflow/dags/sensors/image_sensor.py
[2025-06-12T22:54:52.772+0000] {processor.py:208} INFO - Processing /opt/airflow/dags/sensors/image_sensor.py took 0.035 seconds
[2025-06-12T22:55:23.332+0000] {processor.py:186} INFO - Started process (PID=215) to work on /opt/airflow/dags/sensors/image_sensor.py
[2025-06-12T22:55:23.333+0000] {processor.py:914} INFO - Processing file /opt/airflow/dags/sensors/image_sensor.py for tasks to queue
[2025-06-12T22:55:23.335+0000] {logging_mixin.py:190} INFO - [2025-06-12T22:55:23.335+0000] {dagbag.py:588} INFO - Filling up the DagBag from /opt/airflow/dags/sensors/image_sensor.py
[2025-06-12T22:55:23.350+0000] {processor.py:927} WARNING - No viable dags retrieved from /opt/airflow/dags/sensors/image_sensor.py
[2025-06-12T22:55:23.365+0000] {processor.py:208} INFO - Processing /opt/airflow/dags/sensors/image_sensor.py took 0.039 seconds
[2025-06-12T22:55:53.810+0000] {processor.py:186} INFO - Started process (PID=223) to work on /opt/airflow/dags/sensors/image_sensor.py
[2025-06-12T22:55:53.811+0000] {processor.py:914} INFO - Processing file /opt/airflow/dags/sensors/image_sensor.py for tasks to queue
[2025-06-12T22:55:53.813+0000] {logging_mixin.py:190} INFO - [2025-06-12T22:55:53.813+0000] {dagbag.py:588} INFO - Filling up the DagBag from /opt/airflow/dags/sensors/image_sensor.py
[2025-06-12T22:55:53.825+0000] {processor.py:927} WARNING - No viable dags retrieved from /opt/airflow/dags/sensors/image_sensor.py
[2025-06-12T22:55:53.837+0000] {processor.py:208} INFO - Processing /opt/airflow/dags/sensors/image_sensor.py took 0.034 seconds
[2025-06-12T22:56:24.256+0000] {processor.py:186} INFO - Started process (PID=231) to work on /opt/airflow/dags/sensors/image_sensor.py
[2025-06-12T22:56:24.257+0000] {processor.py:914} INFO - Processing file /opt/airflow/dags/sensors/image_sensor.py for tasks to queue
[2025-06-12T22:56:24.259+0000] {logging_mixin.py:190} INFO - [2025-06-12T22:56:24.259+0000] {dagbag.py:588} INFO - Filling up the DagBag from /opt/airflow/dags/sensors/image_sensor.py
[2025-06-12T22:56:24.271+0000] {processor.py:927} WARNING - No viable dags retrieved from /opt/airflow/dags/sensors/image_sensor.py
[2025-06-12T22:56:24.283+0000] {processor.py:208} INFO - Processing /opt/airflow/dags/sensors/image_sensor.py took 0.033 seconds
[2025-06-12T22:56:54.783+0000] {processor.py:186} INFO - Started process (PID=239) to work on /opt/airflow/dags/sensors/image_sensor.py
[2025-06-12T22:56:54.784+0000] {processor.py:914} INFO - Processing file /opt/airflow/dags/sensors/image_sensor.py for tasks to queue
[2025-06-12T22:56:54.787+0000] {logging_mixin.py:190} INFO - [2025-06-12T22:56:54.786+0000] {dagbag.py:588} INFO - Filling up the DagBag from /opt/airflow/dags/sensors/image_sensor.py
[2025-06-12T22:56:54.799+0000] {processor.py:927} WARNING - No viable dags retrieved from /opt/airflow/dags/sensors/image_sensor.py
[2025-06-12T22:56:54.811+0000] {processor.py:208} INFO - Processing /opt/airflow/dags/sensors/image_sensor.py took 0.034 seconds
[2025-06-12T22:57:25.376+0000] {processor.py:186} INFO - Started process (PID=247) to work on /opt/airflow/dags/sensors/image_sensor.py
[2025-06-12T22:57:25.377+0000] {processor.py:914} INFO - Processing file /opt/airflow/dags/sensors/image_sensor.py for tasks to queue
[2025-06-12T22:57:25.380+0000] {logging_mixin.py:190} INFO - [2025-06-12T22:57:25.379+0000] {dagbag.py:588} INFO - Filling up the DagBag from /opt/airflow/dags/sensors/image_sensor.py
[2025-06-12T22:57:25.392+0000] {processor.py:927} WARNING - No viable dags retrieved from /opt/airflow/dags/sensors/image_sensor.py
[2025-06-12T22:57:25.406+0000] {processor.py:208} INFO - Processing /opt/airflow/dags/sensors/image_sensor.py took 0.036 seconds
[2025-06-12T22:57:55.879+0000] {processor.py:186} INFO - Started process (PID=255) to work on /opt/airflow/dags/sensors/image_sensor.py
[2025-06-12T22:57:55.880+0000] {processor.py:914} INFO - Processing file /opt/airflow/dags/sensors/image_sensor.py for tasks to queue
[2025-06-12T22:57:55.882+0000] {logging_mixin.py:190} INFO - [2025-06-12T22:57:55.882+0000] {dagbag.py:588} INFO - Filling up the DagBag from /opt/airflow/dags/sensors/image_sensor.py
[2025-06-12T22:57:55.893+0000] {processor.py:927} WARNING - No viable dags retrieved from /opt/airflow/dags/sensors/image_sensor.py
[2025-06-12T22:57:55.906+0000] {processor.py:208} INFO - Processing /opt/airflow/dags/sensors/image_sensor.py took 0.034 seconds
[2025-06-12T22:58:26.396+0000] {processor.py:186} INFO - Started process (PID=263) to work on /opt/airflow/dags/sensors/image_sensor.py
[2025-06-12T22:58:26.397+0000] {processor.py:914} INFO - Processing file /opt/airflow/dags/sensors/image_sensor.py for tasks to queue
[2025-06-12T22:58:26.399+0000] {logging_mixin.py:190} INFO - [2025-06-12T22:58:26.399+0000] {dagbag.py:588} INFO - Filling up the DagBag from /opt/airflow/dags/sensors/image_sensor.py
[2025-06-12T22:58:26.411+0000] {processor.py:927} WARNING - No viable dags retrieved from /opt/airflow/dags/sensors/image_sensor.py
[2025-06-12T22:58:26.425+0000] {processor.py:208} INFO - Processing /opt/airflow/dags/sensors/image_sensor.py took 0.035 seconds
[2025-06-12T22:58:56.890+0000] {processor.py:186} INFO - Started process (PID=271) to work on /opt/airflow/dags/sensors/image_sensor.py
[2025-06-12T22:58:56.891+0000] {processor.py:914} INFO - Processing file /opt/airflow/dags/sensors/image_sensor.py for tasks to queue
[2025-06-12T22:58:56.893+0000] {logging_mixin.py:190} INFO - [2025-06-12T22:58:56.893+0000] {dagbag.py:588} INFO - Filling up the DagBag from /opt/airflow/dags/sensors/image_sensor.py
[2025-06-12T22:58:56.904+0000] {processor.py:927} WARNING - No viable dags retrieved from /opt/airflow/dags/sensors/image_sensor.py
[2025-06-12T22:58:56.919+0000] {processor.py:208} INFO - Processing /opt/airflow/dags/sensors/image_sensor.py took 0.035 seconds
[2025-06-12T22:59:27.378+0000] {processor.py:186} INFO - Started process (PID=279) to work on /opt/airflow/dags/sensors/image_sensor.py
[2025-06-12T22:59:27.379+0000] {processor.py:914} INFO - Processing file /opt/airflow/dags/sensors/image_sensor.py for tasks to queue
[2025-06-12T22:59:27.381+0000] {logging_mixin.py:190} INFO - [2025-06-12T22:59:27.381+0000] {dagbag.py:588} INFO - Filling up the DagBag from /opt/airflow/dags/sensors/image_sensor.py
[2025-06-12T22:59:27.392+0000] {processor.py:927} WARNING - No viable dags retrieved from /opt/airflow/dags/sensors/image_sensor.py
[2025-06-12T22:59:27.405+0000] {processor.py:208} INFO - Processing /opt/airflow/dags/sensors/image_sensor.py took 0.033 seconds
[2025-06-12T22:59:57.883+0000] {processor.py:186} INFO - Started process (PID=287) to work on /opt/airflow/dags/sensors/image_sensor.py
[2025-06-12T22:59:57.884+0000] {processor.py:914} INFO - Processing file /opt/airflow/dags/sensors/image_sensor.py for tasks to queue
[2025-06-12T22:59:57.886+0000] {logging_mixin.py:190} INFO - [2025-06-12T22:59:57.886+0000] {dagbag.py:588} INFO - Filling up the DagBag from /opt/airflow/dags/sensors/image_sensor.py
[2025-06-12T22:59:57.906+0000] {processor.py:927} WARNING - No viable dags retrieved from /opt/airflow/dags/sensors/image_sensor.py
[2025-06-12T22:59:57.920+0000] {processor.py:208} INFO - Processing /opt/airflow/dags/sensors/image_sensor.py took 0.044 seconds
[2025-06-12T23:00:28.321+0000] {processor.py:186} INFO - Started process (PID=295) to work on /opt/airflow/dags/sensors/image_sensor.py
[2025-06-12T23:00:28.321+0000] {processor.py:914} INFO - Processing file /opt/airflow/dags/sensors/image_sensor.py for tasks to queue
[2025-06-12T23:00:28.324+0000] {logging_mixin.py:190} INFO - [2025-06-12T23:00:28.323+0000] {dagbag.py:588} INFO - Filling up the DagBag from /opt/airflow/dags/sensors/image_sensor.py
[2025-06-12T23:00:28.335+0000] {processor.py:927} WARNING - No viable dags retrieved from /opt/airflow/dags/sensors/image_sensor.py
[2025-06-12T23:00:28.347+0000] {processor.py:208} INFO - Processing /opt/airflow/dags/sensors/image_sensor.py took 0.033 seconds
[2025-06-12T23:00:58.711+0000] {processor.py:186} INFO - Started process (PID=303) to work on /opt/airflow/dags/sensors/image_sensor.py
[2025-06-12T23:00:58.712+0000] {processor.py:914} INFO - Processing file /opt/airflow/dags/sensors/image_sensor.py for tasks to queue
[2025-06-12T23:00:58.715+0000] {logging_mixin.py:190} INFO - [2025-06-12T23:00:58.715+0000] {dagbag.py:588} INFO - Filling up the DagBag from /opt/airflow/dags/sensors/image_sensor.py
[2025-06-12T23:00:58.730+0000] {processor.py:927} WARNING - No viable dags retrieved from /opt/airflow/dags/sensors/image_sensor.py
[2025-06-12T23:00:58.746+0000] {processor.py:208} INFO - Processing /opt/airflow/dags/sensors/image_sensor.py took 0.043 seconds
[2025-06-12T23:01:29.188+0000] {processor.py:186} INFO - Started process (PID=311) to work on /opt/airflow/dags/sensors/image_sensor.py
[2025-06-12T23:01:29.189+0000] {processor.py:914} INFO - Processing file /opt/airflow/dags/sensors/image_sensor.py for tasks to queue
[2025-06-12T23:01:29.191+0000] {logging_mixin.py:190} INFO - [2025-06-12T23:01:29.191+0000] {dagbag.py:588} INFO - Filling up the DagBag from /opt/airflow/dags/sensors/image_sensor.py
[2025-06-12T23:01:29.204+0000] {processor.py:927} WARNING - No viable dags retrieved from /opt/airflow/dags/sensors/image_sensor.py
[2025-06-12T23:01:29.217+0000] {processor.py:208} INFO - Processing /opt/airflow/dags/sensors/image_sensor.py took 0.037 seconds
[2025-06-12T23:01:59.662+0000] {processor.py:186} INFO - Started process (PID=319) to work on /opt/airflow/dags/sensors/image_sensor.py
[2025-06-12T23:01:59.663+0000] {processor.py:914} INFO - Processing file /opt/airflow/dags/sensors/image_sensor.py for tasks to queue
[2025-06-12T23:01:59.668+0000] {logging_mixin.py:190} INFO - [2025-06-12T23:01:59.667+0000] {dagbag.py:588} INFO - Filling up the DagBag from /opt/airflow/dags/sensors/image_sensor.py
[2025-06-12T23:01:59.680+0000] {processor.py:927} WARNING - No viable dags retrieved from /opt/airflow/dags/sensors/image_sensor.py
[2025-06-12T23:01:59.695+0000] {processor.py:208} INFO - Processing /opt/airflow/dags/sensors/image_sensor.py took 0.042 seconds
[2025-06-12T23:02:30.210+0000] {processor.py:186} INFO - Started process (PID=327) to work on /opt/airflow/dags/sensors/image_sensor.py
[2025-06-12T23:02:30.212+0000] {processor.py:914} INFO - Processing file /opt/airflow/dags/sensors/image_sensor.py for tasks to queue
[2025-06-12T23:02:30.215+0000] {logging_mixin.py:190} INFO - [2025-06-12T23:02:30.214+0000] {dagbag.py:588} INFO - Filling up the DagBag from /opt/airflow/dags/sensors/image_sensor.py
[2025-06-12T23:02:30.227+0000] {processor.py:927} WARNING - No viable dags retrieved from /opt/airflow/dags/sensors/image_sensor.py
[2025-06-12T23:02:30.242+0000] {processor.py:208} INFO - Processing /opt/airflow/dags/sensors/image_sensor.py took 0.039 seconds
[2025-06-12T23:03:00.707+0000] {processor.py:186} INFO - Started process (PID=335) to work on /opt/airflow/dags/sensors/image_sensor.py
[2025-06-12T23:03:00.708+0000] {processor.py:914} INFO - Processing file /opt/airflow/dags/sensors/image_sensor.py for tasks to queue
[2025-06-12T23:03:00.711+0000] {logging_mixin.py:190} INFO - [2025-06-12T23:03:00.710+0000] {dagbag.py:588} INFO - Filling up the DagBag from /opt/airflow/dags/sensors/image_sensor.py
[2025-06-12T23:03:00.722+0000] {processor.py:927} WARNING - No viable dags retrieved from /opt/airflow/dags/sensors/image_sensor.py
[2025-06-12T23:03:00.735+0000] {processor.py:208} INFO - Processing /opt/airflow/dags/sensors/image_sensor.py took 0.034 seconds
[2025-06-12T23:03:31.200+0000] {processor.py:186} INFO - Started process (PID=343) to work on /opt/airflow/dags/sensors/image_sensor.py
[2025-06-12T23:03:31.201+0000] {processor.py:914} INFO - Processing file /opt/airflow/dags/sensors/image_sensor.py for tasks to queue
[2025-06-12T23:03:31.203+0000] {logging_mixin.py:190} INFO - [2025-06-12T23:03:31.203+0000] {dagbag.py:588} INFO - Filling up the DagBag from /opt/airflow/dags/sensors/image_sensor.py
[2025-06-12T23:03:31.215+0000] {processor.py:927} WARNING - No viable dags retrieved from /opt/airflow/dags/sensors/image_sensor.py
[2025-06-12T23:03:31.227+0000] {processor.py:208} INFO - Processing /opt/airflow/dags/sensors/image_sensor.py took 0.032 seconds
[2025-06-12T23:04:01.652+0000] {processor.py:186} INFO - Started process (PID=351) to work on /opt/airflow/dags/sensors/image_sensor.py
[2025-06-12T23:04:01.653+0000] {processor.py:914} INFO - Processing file /opt/airflow/dags/sensors/image_sensor.py for tasks to queue
[2025-06-12T23:04:01.655+0000] {logging_mixin.py:190} INFO - [2025-06-12T23:04:01.655+0000] {dagbag.py:588} INFO - Filling up the DagBag from /opt/airflow/dags/sensors/image_sensor.py
[2025-06-12T23:04:01.666+0000] {processor.py:927} WARNING - No viable dags retrieved from /opt/airflow/dags/sensors/image_sensor.py
[2025-06-12T23:04:01.678+0000] {processor.py:208} INFO - Processing /opt/airflow/dags/sensors/image_sensor.py took 0.032 seconds
[2025-06-12T23:04:32.240+0000] {processor.py:186} INFO - Started process (PID=359) to work on /opt/airflow/dags/sensors/image_sensor.py
[2025-06-12T23:04:32.240+0000] {processor.py:914} INFO - Processing file /opt/airflow/dags/sensors/image_sensor.py for tasks to queue
[2025-06-12T23:04:32.243+0000] {logging_mixin.py:190} INFO - [2025-06-12T23:04:32.242+0000] {dagbag.py:588} INFO - Filling up the DagBag from /opt/airflow/dags/sensors/image_sensor.py
[2025-06-12T23:04:32.254+0000] {processor.py:927} WARNING - No viable dags retrieved from /opt/airflow/dags/sensors/image_sensor.py
[2025-06-12T23:04:32.267+0000] {processor.py:208} INFO - Processing /opt/airflow/dags/sensors/image_sensor.py took 0.033 seconds
[2025-06-12T23:05:02.713+0000] {processor.py:186} INFO - Started process (PID=367) to work on /opt/airflow/dags/sensors/image_sensor.py
[2025-06-12T23:05:02.714+0000] {processor.py:914} INFO - Processing file /opt/airflow/dags/sensors/image_sensor.py for tasks to queue
[2025-06-12T23:05:02.716+0000] {logging_mixin.py:190} INFO - [2025-06-12T23:05:02.716+0000] {dagbag.py:588} INFO - Filling up the DagBag from /opt/airflow/dags/sensors/image_sensor.py
[2025-06-12T23:05:02.727+0000] {processor.py:927} WARNING - No viable dags retrieved from /opt/airflow/dags/sensors/image_sensor.py
[2025-06-12T23:05:02.741+0000] {processor.py:208} INFO - Processing /opt/airflow/dags/sensors/image_sensor.py took 0.035 seconds
[2025-06-12T23:05:33.174+0000] {processor.py:186} INFO - Started process (PID=375) to work on /opt/airflow/dags/sensors/image_sensor.py
[2025-06-12T23:05:33.175+0000] {processor.py:914} INFO - Processing file /opt/airflow/dags/sensors/image_sensor.py for tasks to queue
[2025-06-12T23:05:33.177+0000] {logging_mixin.py:190} INFO - [2025-06-12T23:05:33.177+0000] {dagbag.py:588} INFO - Filling up the DagBag from /opt/airflow/dags/sensors/image_sensor.py
[2025-06-12T23:05:33.189+0000] {processor.py:927} WARNING - No viable dags retrieved from /opt/airflow/dags/sensors/image_sensor.py
[2025-06-12T23:05:33.202+0000] {processor.py:208} INFO - Processing /opt/airflow/dags/sensors/image_sensor.py took 0.035 seconds
[2025-06-12T23:06:03.600+0000] {processor.py:186} INFO - Started process (PID=383) to work on /opt/airflow/dags/sensors/image_sensor.py
[2025-06-12T23:06:03.601+0000] {processor.py:914} INFO - Processing file /opt/airflow/dags/sensors/image_sensor.py for tasks to queue
[2025-06-12T23:06:03.603+0000] {logging_mixin.py:190} INFO - [2025-06-12T23:06:03.603+0000] {dagbag.py:588} INFO - Filling up the DagBag from /opt/airflow/dags/sensors/image_sensor.py
[2025-06-12T23:06:03.615+0000] {processor.py:927} WARNING - No viable dags retrieved from /opt/airflow/dags/sensors/image_sensor.py
[2025-06-12T23:06:03.629+0000] {processor.py:208} INFO - Processing /opt/airflow/dags/sensors/image_sensor.py took 0.035 seconds
[2025-06-12T23:06:34.015+0000] {processor.py:186} INFO - Started process (PID=391) to work on /opt/airflow/dags/sensors/image_sensor.py
[2025-06-12T23:06:34.016+0000] {processor.py:914} INFO - Processing file /opt/airflow/dags/sensors/image_sensor.py for tasks to queue
[2025-06-12T23:06:34.019+0000] {logging_mixin.py:190} INFO - [2025-06-12T23:06:34.018+0000] {dagbag.py:588} INFO - Filling up the DagBag from /opt/airflow/dags/sensors/image_sensor.py
[2025-06-12T23:06:34.032+0000] {processor.py:927} WARNING - No viable dags retrieved from /opt/airflow/dags/sensors/image_sensor.py
[2025-06-12T23:06:34.048+0000] {processor.py:208} INFO - Processing /opt/airflow/dags/sensors/image_sensor.py took 0.039 seconds
[2025-06-12T23:07:04.390+0000] {processor.py:186} INFO - Started process (PID=399) to work on /opt/airflow/dags/sensors/image_sensor.py
[2025-06-12T23:07:04.391+0000] {processor.py:914} INFO - Processing file /opt/airflow/dags/sensors/image_sensor.py for tasks to queue
[2025-06-12T23:07:04.393+0000] {logging_mixin.py:190} INFO - [2025-06-12T23:07:04.393+0000] {dagbag.py:588} INFO - Filling up the DagBag from /opt/airflow/dags/sensors/image_sensor.py
[2025-06-12T23:07:04.407+0000] {processor.py:927} WARNING - No viable dags retrieved from /opt/airflow/dags/sensors/image_sensor.py
[2025-06-12T23:07:04.422+0000] {processor.py:208} INFO - Processing /opt/airflow/dags/sensors/image_sensor.py took 0.039 seconds
[2025-06-12T23:07:34.754+0000] {processor.py:186} INFO - Started process (PID=407) to work on /opt/airflow/dags/sensors/image_sensor.py
[2025-06-12T23:07:34.755+0000] {processor.py:914} INFO - Processing file /opt/airflow/dags/sensors/image_sensor.py for tasks to queue
[2025-06-12T23:07:34.757+0000] {logging_mixin.py:190} INFO - [2025-06-12T23:07:34.757+0000] {dagbag.py:588} INFO - Filling up the DagBag from /opt/airflow/dags/sensors/image_sensor.py
[2025-06-12T23:07:34.769+0000] {processor.py:927} WARNING - No viable dags retrieved from /opt/airflow/dags/sensors/image_sensor.py
[2025-06-12T23:07:34.784+0000] {processor.py:208} INFO - Processing /opt/airflow/dags/sensors/image_sensor.py took 0.037 seconds
[2025-06-12T23:08:05.082+0000] {processor.py:186} INFO - Started process (PID=415) to work on /opt/airflow/dags/sensors/image_sensor.py
[2025-06-12T23:08:05.082+0000] {processor.py:914} INFO - Processing file /opt/airflow/dags/sensors/image_sensor.py for tasks to queue
[2025-06-12T23:08:05.085+0000] {logging_mixin.py:190} INFO - [2025-06-12T23:08:05.084+0000] {dagbag.py:588} INFO - Filling up the DagBag from /opt/airflow/dags/sensors/image_sensor.py
[2025-06-12T23:08:05.096+0000] {processor.py:927} WARNING - No viable dags retrieved from /opt/airflow/dags/sensors/image_sensor.py
[2025-06-12T23:08:05.112+0000] {processor.py:208} INFO - Processing /opt/airflow/dags/sensors/image_sensor.py took 0.036 seconds
[2025-06-12T23:08:35.482+0000] {processor.py:186} INFO - Started process (PID=423) to work on /opt/airflow/dags/sensors/image_sensor.py
[2025-06-12T23:08:35.483+0000] {processor.py:914} INFO - Processing file /opt/airflow/dags/sensors/image_sensor.py for tasks to queue
[2025-06-12T23:08:35.486+0000] {logging_mixin.py:190} INFO - [2025-06-12T23:08:35.486+0000] {dagbag.py:588} INFO - Filling up the DagBag from /opt/airflow/dags/sensors/image_sensor.py
[2025-06-12T23:08:35.497+0000] {processor.py:927} WARNING - No viable dags retrieved from /opt/airflow/dags/sensors/image_sensor.py
[2025-06-12T23:08:35.510+0000] {processor.py:208} INFO - Processing /opt/airflow/dags/sensors/image_sensor.py took 0.033 seconds
[2025-06-12T23:09:05.793+0000] {processor.py:186} INFO - Started process (PID=431) to work on /opt/airflow/dags/sensors/image_sensor.py
[2025-06-12T23:09:05.794+0000] {processor.py:914} INFO - Processing file /opt/airflow/dags/sensors/image_sensor.py for tasks to queue
[2025-06-12T23:09:05.797+0000] {logging_mixin.py:190} INFO - [2025-06-12T23:09:05.796+0000] {dagbag.py:588} INFO - Filling up the DagBag from /opt/airflow/dags/sensors/image_sensor.py
[2025-06-12T23:09:05.810+0000] {processor.py:927} WARNING - No viable dags retrieved from /opt/airflow/dags/sensors/image_sensor.py
[2025-06-12T23:09:05.825+0000] {processor.py:208} INFO - Processing /opt/airflow/dags/sensors/image_sensor.py took 0.041 seconds
[2025-06-12T23:09:36.145+0000] {processor.py:186} INFO - Started process (PID=439) to work on /opt/airflow/dags/sensors/image_sensor.py
[2025-06-12T23:09:36.147+0000] {processor.py:914} INFO - Processing file /opt/airflow/dags/sensors/image_sensor.py for tasks to queue
[2025-06-12T23:09:36.149+0000] {logging_mixin.py:190} INFO - [2025-06-12T23:09:36.149+0000] {dagbag.py:588} INFO - Filling up the DagBag from /opt/airflow/dags/sensors/image_sensor.py
[2025-06-12T23:09:36.162+0000] {processor.py:927} WARNING - No viable dags retrieved from /opt/airflow/dags/sensors/image_sensor.py
[2025-06-12T23:09:36.179+0000] {processor.py:208} INFO - Processing /opt/airflow/dags/sensors/image_sensor.py took 0.041 seconds
[2025-06-12T23:10:06.612+0000] {processor.py:186} INFO - Started process (PID=447) to work on /opt/airflow/dags/sensors/image_sensor.py
[2025-06-12T23:10:06.613+0000] {processor.py:914} INFO - Processing file /opt/airflow/dags/sensors/image_sensor.py for tasks to queue
[2025-06-12T23:10:06.616+0000] {logging_mixin.py:190} INFO - [2025-06-12T23:10:06.616+0000] {dagbag.py:588} INFO - Filling up the DagBag from /opt/airflow/dags/sensors/image_sensor.py
[2025-06-12T23:10:06.630+0000] {processor.py:927} WARNING - No viable dags retrieved from /opt/airflow/dags/sensors/image_sensor.py
[2025-06-12T23:10:06.646+0000] {processor.py:208} INFO - Processing /opt/airflow/dags/sensors/image_sensor.py took 0.043 seconds
[2025-06-12T23:10:37.043+0000] {processor.py:186} INFO - Started process (PID=455) to work on /opt/airflow/dags/sensors/image_sensor.py
[2025-06-12T23:10:37.044+0000] {processor.py:914} INFO - Processing file /opt/airflow/dags/sensors/image_sensor.py for tasks to queue
[2025-06-12T23:10:37.046+0000] {logging_mixin.py:190} INFO - [2025-06-12T23:10:37.045+0000] {dagbag.py:588} INFO - Filling up the DagBag from /opt/airflow/dags/sensors/image_sensor.py
[2025-06-12T23:10:37.057+0000] {processor.py:927} WARNING - No viable dags retrieved from /opt/airflow/dags/sensors/image_sensor.py
[2025-06-12T23:10:37.072+0000] {processor.py:208} INFO - Processing /opt/airflow/dags/sensors/image_sensor.py took 0.036 seconds
[2025-06-12T23:11:07.522+0000] {processor.py:186} INFO - Started process (PID=463) to work on /opt/airflow/dags/sensors/image_sensor.py
[2025-06-12T23:11:07.523+0000] {processor.py:914} INFO - Processing file /opt/airflow/dags/sensors/image_sensor.py for tasks to queue
[2025-06-12T23:11:07.526+0000] {logging_mixin.py:190} INFO - [2025-06-12T23:11:07.525+0000] {dagbag.py:588} INFO - Filling up the DagBag from /opt/airflow/dags/sensors/image_sensor.py
[2025-06-12T23:11:07.537+0000] {processor.py:927} WARNING - No viable dags retrieved from /opt/airflow/dags/sensors/image_sensor.py
[2025-06-12T23:11:07.552+0000] {processor.py:208} INFO - Processing /opt/airflow/dags/sensors/image_sensor.py took 0.036 seconds
[2025-06-12T23:11:37.888+0000] {processor.py:186} INFO - Started process (PID=471) to work on /opt/airflow/dags/sensors/image_sensor.py
[2025-06-12T23:11:37.889+0000] {processor.py:914} INFO - Processing file /opt/airflow/dags/sensors/image_sensor.py for tasks to queue
[2025-06-12T23:11:37.891+0000] {logging_mixin.py:190} INFO - [2025-06-12T23:11:37.891+0000] {dagbag.py:588} INFO - Filling up the DagBag from /opt/airflow/dags/sensors/image_sensor.py
[2025-06-12T23:11:37.905+0000] {processor.py:927} WARNING - No viable dags retrieved from /opt/airflow/dags/sensors/image_sensor.py
[2025-06-12T23:11:37.922+0000] {processor.py:208} INFO - Processing /opt/airflow/dags/sensors/image_sensor.py took 0.040 seconds
[2025-06-12T23:12:08.522+0000] {processor.py:186} INFO - Started process (PID=482) to work on /opt/airflow/dags/sensors/image_sensor.py
[2025-06-12T23:12:08.523+0000] {processor.py:914} INFO - Processing file /opt/airflow/dags/sensors/image_sensor.py for tasks to queue
[2025-06-12T23:12:08.525+0000] {logging_mixin.py:190} INFO - [2025-06-12T23:12:08.525+0000] {dagbag.py:588} INFO - Filling up the DagBag from /opt/airflow/dags/sensors/image_sensor.py
[2025-06-12T23:12:08.536+0000] {processor.py:927} WARNING - No viable dags retrieved from /opt/airflow/dags/sensors/image_sensor.py
[2025-06-12T23:12:08.548+0000] {processor.py:208} INFO - Processing /opt/airflow/dags/sensors/image_sensor.py took 0.032 seconds
[2025-06-12T23:12:38.997+0000] {processor.py:186} INFO - Started process (PID=490) to work on /opt/airflow/dags/sensors/image_sensor.py
[2025-06-12T23:12:38.998+0000] {processor.py:914} INFO - Processing file /opt/airflow/dags/sensors/image_sensor.py for tasks to queue
[2025-06-12T23:12:39.000+0000] {logging_mixin.py:190} INFO - [2025-06-12T23:12:39.000+0000] {dagbag.py:588} INFO - Filling up the DagBag from /opt/airflow/dags/sensors/image_sensor.py
[2025-06-12T23:12:39.013+0000] {processor.py:927} WARNING - No viable dags retrieved from /opt/airflow/dags/sensors/image_sensor.py
[2025-06-12T23:12:39.027+0000] {processor.py:208} INFO - Processing /opt/airflow/dags/sensors/image_sensor.py took 0.037 seconds
[2025-06-12T23:13:09.511+0000] {processor.py:186} INFO - Started process (PID=498) to work on /opt/airflow/dags/sensors/image_sensor.py
[2025-06-12T23:13:09.512+0000] {processor.py:914} INFO - Processing file /opt/airflow/dags/sensors/image_sensor.py for tasks to queue
[2025-06-12T23:13:09.514+0000] {logging_mixin.py:190} INFO - [2025-06-12T23:13:09.514+0000] {dagbag.py:588} INFO - Filling up the DagBag from /opt/airflow/dags/sensors/image_sensor.py
[2025-06-12T23:13:09.527+0000] {processor.py:927} WARNING - No viable dags retrieved from /opt/airflow/dags/sensors/image_sensor.py
[2025-06-12T23:13:09.539+0000] {processor.py:208} INFO - Processing /opt/airflow/dags/sensors/image_sensor.py took 0.034 seconds
[2025-06-12T23:13:39.937+0000] {processor.py:186} INFO - Started process (PID=507) to work on /opt/airflow/dags/sensors/image_sensor.py
[2025-06-12T23:13:39.938+0000] {processor.py:914} INFO - Processing file /opt/airflow/dags/sensors/image_sensor.py for tasks to queue
[2025-06-12T23:13:39.940+0000] {logging_mixin.py:190} INFO - [2025-06-12T23:13:39.939+0000] {dagbag.py:588} INFO - Filling up the DagBag from /opt/airflow/dags/sensors/image_sensor.py
[2025-06-12T23:13:39.953+0000] {processor.py:927} WARNING - No viable dags retrieved from /opt/airflow/dags/sensors/image_sensor.py
[2025-06-12T23:13:39.965+0000] {processor.py:208} INFO - Processing /opt/airflow/dags/sensors/image_sensor.py took 0.034 seconds
[2025-06-12T23:14:10.563+0000] {processor.py:186} INFO - Started process (PID=515) to work on /opt/airflow/dags/sensors/image_sensor.py
[2025-06-12T23:14:10.564+0000] {processor.py:914} INFO - Processing file /opt/airflow/dags/sensors/image_sensor.py for tasks to queue
[2025-06-12T23:14:10.566+0000] {logging_mixin.py:190} INFO - [2025-06-12T23:14:10.566+0000] {dagbag.py:588} INFO - Filling up the DagBag from /opt/airflow/dags/sensors/image_sensor.py
[2025-06-12T23:14:10.579+0000] {processor.py:927} WARNING - No viable dags retrieved from /opt/airflow/dags/sensors/image_sensor.py
[2025-06-12T23:14:10.591+0000] {processor.py:208} INFO - Processing /opt/airflow/dags/sensors/image_sensor.py took 0.033 seconds
[2025-06-12T23:14:40.984+0000] {processor.py:186} INFO - Started process (PID=523) to work on /opt/airflow/dags/sensors/image_sensor.py
[2025-06-12T23:14:40.985+0000] {processor.py:914} INFO - Processing file /opt/airflow/dags/sensors/image_sensor.py for tasks to queue
[2025-06-12T23:14:40.987+0000] {logging_mixin.py:190} INFO - [2025-06-12T23:14:40.987+0000] {dagbag.py:588} INFO - Filling up the DagBag from /opt/airflow/dags/sensors/image_sensor.py
[2025-06-12T23:14:40.999+0000] {processor.py:927} WARNING - No viable dags retrieved from /opt/airflow/dags/sensors/image_sensor.py
[2025-06-12T23:14:41.011+0000] {processor.py:208} INFO - Processing /opt/airflow/dags/sensors/image_sensor.py took 0.033 seconds
[2025-06-12T23:15:11.508+0000] {processor.py:186} INFO - Started process (PID=531) to work on /opt/airflow/dags/sensors/image_sensor.py
[2025-06-12T23:15:11.509+0000] {processor.py:914} INFO - Processing file /opt/airflow/dags/sensors/image_sensor.py for tasks to queue
[2025-06-12T23:15:11.511+0000] {logging_mixin.py:190} INFO - [2025-06-12T23:15:11.510+0000] {dagbag.py:588} INFO - Filling up the DagBag from /opt/airflow/dags/sensors/image_sensor.py
[2025-06-12T23:15:11.521+0000] {processor.py:927} WARNING - No viable dags retrieved from /opt/airflow/dags/sensors/image_sensor.py
[2025-06-12T23:15:11.532+0000] {processor.py:208} INFO - Processing /opt/airflow/dags/sensors/image_sensor.py took 0.029 seconds
[2025-06-12T23:15:41.828+0000] {processor.py:186} INFO - Started process (PID=539) to work on /opt/airflow/dags/sensors/image_sensor.py
[2025-06-12T23:15:41.829+0000] {processor.py:914} INFO - Processing file /opt/airflow/dags/sensors/image_sensor.py for tasks to queue
[2025-06-12T23:15:41.831+0000] {logging_mixin.py:190} INFO - [2025-06-12T23:15:41.831+0000] {dagbag.py:588} INFO - Filling up the DagBag from /opt/airflow/dags/sensors/image_sensor.py
[2025-06-12T23:15:41.844+0000] {processor.py:927} WARNING - No viable dags retrieved from /opt/airflow/dags/sensors/image_sensor.py
[2025-06-12T23:15:41.859+0000] {processor.py:208} INFO - Processing /opt/airflow/dags/sensors/image_sensor.py took 0.037 seconds
[2025-06-12T23:16:12.186+0000] {processor.py:186} INFO - Started process (PID=547) to work on /opt/airflow/dags/sensors/image_sensor.py
[2025-06-12T23:16:12.187+0000] {processor.py:914} INFO - Processing file /opt/airflow/dags/sensors/image_sensor.py for tasks to queue
[2025-06-12T23:16:12.190+0000] {logging_mixin.py:190} INFO - [2025-06-12T23:16:12.189+0000] {dagbag.py:588} INFO - Filling up the DagBag from /opt/airflow/dags/sensors/image_sensor.py
[2025-06-12T23:16:12.200+0000] {processor.py:927} WARNING - No viable dags retrieved from /opt/airflow/dags/sensors/image_sensor.py
[2025-06-12T23:16:12.211+0000] {processor.py:208} INFO - Processing /opt/airflow/dags/sensors/image_sensor.py took 0.030 seconds
[2025-06-12T23:16:42.520+0000] {processor.py:186} INFO - Started process (PID=555) to work on /opt/airflow/dags/sensors/image_sensor.py
[2025-06-12T23:16:42.521+0000] {processor.py:914} INFO - Processing file /opt/airflow/dags/sensors/image_sensor.py for tasks to queue
[2025-06-12T23:16:42.524+0000] {logging_mixin.py:190} INFO - [2025-06-12T23:16:42.523+0000] {dagbag.py:588} INFO - Filling up the DagBag from /opt/airflow/dags/sensors/image_sensor.py
[2025-06-12T23:16:42.534+0000] {processor.py:927} WARNING - No viable dags retrieved from /opt/airflow/dags/sensors/image_sensor.py
[2025-06-12T23:16:42.547+0000] {processor.py:208} INFO - Processing /opt/airflow/dags/sensors/image_sensor.py took 0.033 seconds
[2025-06-12T23:17:12.878+0000] {processor.py:186} INFO - Started process (PID=563) to work on /opt/airflow/dags/sensors/image_sensor.py
[2025-06-12T23:17:12.879+0000] {processor.py:914} INFO - Processing file /opt/airflow/dags/sensors/image_sensor.py for tasks to queue
[2025-06-12T23:17:12.882+0000] {logging_mixin.py:190} INFO - [2025-06-12T23:17:12.882+0000] {dagbag.py:588} INFO - Filling up the DagBag from /opt/airflow/dags/sensors/image_sensor.py
[2025-06-12T23:17:12.896+0000] {processor.py:927} WARNING - No viable dags retrieved from /opt/airflow/dags/sensors/image_sensor.py
[2025-06-12T23:17:12.912+0000] {processor.py:208} INFO - Processing /opt/airflow/dags/sensors/image_sensor.py took 0.041 seconds
