[2025-06-13T05:36:00.780+0000] {local_task_job_runner.py:123} INFO - ::group::Pre task execution logs
[2025-06-13T05:36:00.797+0000] {taskinstance.py:2614} INFO - Dependencies all met for dep_context=non-requeueable deps ti=<TaskInstance: payparser_pipeline_dag.detect_new_images_task scheduled__2025-06-13T05:34:00+00:00 [queued]>
[2025-06-13T05:36:00.804+0000] {taskinstance.py:2614} INFO - Dependencies all met for dep_context=requeueable deps ti=<TaskInstance: payparser_pipeline_dag.detect_new_images_task scheduled__2025-06-13T05:34:00+00:00 [queued]>
[2025-06-13T05:36:00.805+0000] {taskinstance.py:2867} INFO - Starting attempt 1 of 2
[2025-06-13T05:36:00.819+0000] {taskinstance.py:2890} INFO - Executing <Task(ShortCircuitOperator): detect_new_images_task> on 2025-06-13 05:34:00+00:00
[2025-06-13T05:36:00.825+0000] {warnings.py:112} WARNING - /home/***/.local/lib/python3.12/site-packages/***/task/task_runner/standard_task_runner.py:70: DeprecationWarning: This process (pid=155) is multi-threaded, use of fork() may lead to deadlocks in the child.
  pid = os.fork()

[2025-06-13T05:36:00.828+0000] {standard_task_runner.py:72} INFO - Started process 156 to run task
[2025-06-13T05:36:00.827+0000] {standard_task_runner.py:104} INFO - Running: ['***', 'tasks', 'run', 'payparser_pipeline_dag', 'detect_new_images_task', 'scheduled__2025-06-13T05:34:00+00:00', '--job-id', '223', '--raw', '--subdir', 'DAGS_FOLDER/payparser_dag.py', '--cfg-path', '/tmp/tmpsfj61bzn']
[2025-06-13T05:36:00.829+0000] {standard_task_runner.py:105} INFO - Job 223: Subtask detect_new_images_task
[2025-06-13T05:36:00.888+0000] {task_command.py:467} INFO - Running <TaskInstance: payparser_pipeline_dag.detect_new_images_task scheduled__2025-06-13T05:34:00+00:00 [running]> on host bc775d44bf0d
[2025-06-13T05:36:00.984+0000] {taskinstance.py:3134} INFO - Exporting env vars: AIRFLOW_CTX_DAG_OWNER='zain' AIRFLOW_CTX_DAG_ID='payparser_pipeline_dag' AIRFLOW_CTX_TASK_ID='detect_new_images_task' AIRFLOW_CTX_EXECUTION_DATE='2025-06-13T05:34:00+00:00' AIRFLOW_CTX_TRY_NUMBER='1' AIRFLOW_CTX_DAG_RUN_ID='scheduled__2025-06-13T05:34:00+00:00'
[2025-06-13T05:36:00.986+0000] {taskinstance.py:732} INFO - ::endgroup::
[2025-06-13T05:36:01.000+0000] {baseoperator.py:423} WARNING - ShortCircuitOperator.execute cannot be called outside TaskInstance!
[2025-06-13T05:36:01.008+0000] {python.py:240} INFO - Done. Returned value was: False
[2025-06-13T05:36:01.009+0000] {python.py:309} INFO - Condition result is False
[2025-06-13T05:36:01.010+0000] {python.py:336} INFO - Skipping downstream tasks
[2025-06-13T05:36:01.034+0000] {python.py:344} INFO - Done.
[2025-06-13T05:36:01.056+0000] {taskinstance.py:341} INFO - ::group::Post task execution logs
[2025-06-13T05:36:01.056+0000] {taskinstance.py:353} INFO - Marking task as SUCCESS. dag_id=payparser_pipeline_dag, task_id=detect_new_images_task, run_id=scheduled__2025-06-13T05:34:00+00:00, execution_date=20250613T053400, start_date=20250613T053600, end_date=20250613T053601
[2025-06-13T05:36:01.123+0000] {local_task_job_runner.py:266} INFO - Task exited with return code 0
[2025-06-13T05:36:01.137+0000] {taskinstance.py:3901} INFO - 0 downstream tasks scheduled from follow-on schedule check
[2025-06-13T05:36:01.140+0000] {local_task_job_runner.py:245} INFO - ::endgroup::
