[2025-06-13T03:22:02.799+0000] {local_task_job_runner.py:123} INFO - ::group::Pre task execution logs
[2025-06-13T03:22:02.819+0000] {taskinstance.py:2614} INFO - Dependencies all met for dep_context=non-requeueable deps ti=<TaskInstance: payparser_pipeline_dag.process_new_images scheduled__2025-06-13T03:20:00+00:00 [queued]>
[2025-06-13T03:22:02.828+0000] {taskinstance.py:2614} INFO - Dependencies all met for dep_context=requeueable deps ti=<TaskInstance: payparser_pipeline_dag.process_new_images scheduled__2025-06-13T03:20:00+00:00 [queued]>
[2025-06-13T03:22:02.829+0000] {taskinstance.py:2867} INFO - Starting attempt 1 of 2
[2025-06-13T03:22:02.844+0000] {taskinstance.py:2890} INFO - Executing <Task(PythonOperator): process_new_images> on 2025-06-13 03:20:00+00:00
[2025-06-13T03:22:02.849+0000] {warnings.py:112} WARNING - /home/***/.local/lib/python3.12/site-packages/***/task/task_runner/standard_task_runner.py:70: DeprecationWarning: This process (pid=163) is multi-threaded, use of fork() may lead to deadlocks in the child.
  pid = os.fork()

[2025-06-13T03:22:02.850+0000] {standard_task_runner.py:72} INFO - Started process 164 to run task
[2025-06-13T03:22:02.851+0000] {standard_task_runner.py:104} INFO - Running: ['***', 'tasks', 'run', 'payparser_pipeline_dag', 'process_new_images', 'scheduled__2025-06-13T03:20:00+00:00', '--job-id', '85', '--raw', '--subdir', 'DAGS_FOLDER/payparser_dag.py', '--cfg-path', '/tmp/tmpuk5ywhvh']
[2025-06-13T03:22:02.853+0000] {standard_task_runner.py:105} INFO - Job 85: Subtask process_new_images
[2025-06-13T03:22:02.906+0000] {task_command.py:467} INFO - Running <TaskInstance: payparser_pipeline_dag.process_new_images scheduled__2025-06-13T03:20:00+00:00 [running]> on host 704605a5f1fb
[2025-06-13T03:22:02.991+0000] {taskinstance.py:3134} INFO - Exporting env vars: AIRFLOW_CTX_DAG_OWNER='zain' AIRFLOW_CTX_DAG_ID='payparser_pipeline_dag' AIRFLOW_CTX_TASK_ID='process_new_images' AIRFLOW_CTX_EXECUTION_DATE='2025-06-13T03:20:00+00:00' AIRFLOW_CTX_TRY_NUMBER='1' AIRFLOW_CTX_DAG_RUN_ID='scheduled__2025-06-13T03:20:00+00:00'
[2025-06-13T03:22:02.993+0000] {taskinstance.py:732} INFO - ::endgroup::
[2025-06-13T03:22:03.015+0000] {logging_mixin.py:190} INFO - ⏳ Processing image: /opt/***/shared/downloads/177300779884778@lid/WhatsApp Image 2025-06-10 at 01.06.41_99a98d8f.jpg
[2025-06-13T03:22:04.129+0000] {logging_mixin.py:190} INFO - Date formatting error: time data '10 Jun 2025 01:06 AM' does not match format '%d %B %Y %I:%M %p'
[2025-06-13T03:22:04.150+0000] {logging_mixin.py:190} INFO - Inserted transaction into table: transactions
[2025-06-13T03:22:04.151+0000] {logging_mixin.py:190} INFO - ✅ Saved transaction for image: /opt/***/shared/downloads/177300779884778@lid/WhatsApp Image 2025-06-10 at 01.06.41_99a98d8f.jpg
[2025-06-13T03:22:04.155+0000] {python.py:240} INFO - Done. Returned value was: None
[2025-06-13T03:22:04.164+0000] {taskinstance.py:341} INFO - ::group::Post task execution logs
[2025-06-13T03:22:04.165+0000] {taskinstance.py:353} INFO - Marking task as SUCCESS. dag_id=payparser_pipeline_dag, task_id=process_new_images, run_id=scheduled__2025-06-13T03:20:00+00:00, execution_date=20250613T032000, start_date=20250613T032202, end_date=20250613T032204
[2025-06-13T03:22:04.229+0000] {local_task_job_runner.py:266} INFO - Task exited with return code 0
[2025-06-13T03:22:04.246+0000] {taskinstance.py:3901} INFO - 0 downstream tasks scheduled from follow-on schedule check
[2025-06-13T03:22:04.249+0000] {local_task_job_runner.py:245} INFO - ::endgroup::
