[2025-06-13T03:20:02.298+0000] {local_task_job_runner.py:123} INFO - ::group::Pre task execution logs
[2025-06-13T03:20:02.314+0000] {taskinstance.py:2614} INFO - Dependencies all met for dep_context=non-requeueable deps ti=<TaskInstance: payparser_pipeline_dag.check_for_new_images scheduled__2025-06-13T03:18:00+00:00 [queued]>
[2025-06-13T03:20:02.321+0000] {taskinstance.py:2614} INFO - Dependencies all met for dep_context=requeueable deps ti=<TaskInstance: payparser_pipeline_dag.check_for_new_images scheduled__2025-06-13T03:18:00+00:00 [queued]>
[2025-06-13T03:20:02.321+0000] {taskinstance.py:2867} INFO - Starting attempt 1 of 2
[2025-06-13T03:20:02.335+0000] {taskinstance.py:2890} INFO - Executing <Task(ShortCircuitOperator): check_for_new_images> on 2025-06-13 03:18:00+00:00
[2025-06-13T03:20:02.340+0000] {warnings.py:112} WARNING - /home/***/.local/lib/python3.12/site-packages/***/task/task_runner/standard_task_runner.py:70: DeprecationWarning: This process (pid=129) is multi-threaded, use of fork() may lead to deadlocks in the child.
  pid = os.fork()

[2025-06-13T03:20:02.342+0000] {standard_task_runner.py:72} INFO - Started process 130 to run task
[2025-06-13T03:20:02.343+0000] {standard_task_runner.py:104} INFO - Running: ['***', 'tasks', 'run', 'payparser_pipeline_dag', 'check_for_new_images', 'scheduled__2025-06-13T03:18:00+00:00', '--job-id', '83', '--raw', '--subdir', 'DAGS_FOLDER/payparser_dag.py', '--cfg-path', '/tmp/tmp87h4new4']
[2025-06-13T03:20:02.345+0000] {standard_task_runner.py:105} INFO - Job 83: Subtask check_for_new_images
[2025-06-13T03:20:02.407+0000] {task_command.py:467} INFO - Running <TaskInstance: payparser_pipeline_dag.check_for_new_images scheduled__2025-06-13T03:18:00+00:00 [running]> on host 704605a5f1fb
[2025-06-13T03:20:02.496+0000] {taskinstance.py:3134} INFO - Exporting env vars: AIRFLOW_CTX_DAG_OWNER='zain' AIRFLOW_CTX_DAG_ID='payparser_pipeline_dag' AIRFLOW_CTX_TASK_ID='check_for_new_images' AIRFLOW_CTX_EXECUTION_DATE='2025-06-13T03:18:00+00:00' AIRFLOW_CTX_TRY_NUMBER='1' AIRFLOW_CTX_DAG_RUN_ID='scheduled__2025-06-13T03:18:00+00:00'
[2025-06-13T03:20:02.497+0000] {taskinstance.py:732} INFO - ::endgroup::
[2025-06-13T03:20:02.514+0000] {baseoperator.py:423} WARNING - ShortCircuitOperator.execute cannot be called outside TaskInstance!
[2025-06-13T03:20:02.520+0000] {python.py:240} INFO - Done. Returned value was: False
[2025-06-13T03:20:02.521+0000] {python.py:309} INFO - Condition result is False
[2025-06-13T03:20:02.522+0000] {python.py:336} INFO - Skipping downstream tasks
[2025-06-13T03:20:02.545+0000] {python.py:344} INFO - Done.
[2025-06-13T03:20:02.564+0000] {taskinstance.py:341} INFO - ::group::Post task execution logs
[2025-06-13T03:20:02.565+0000] {taskinstance.py:353} INFO - Marking task as SUCCESS. dag_id=payparser_pipeline_dag, task_id=check_for_new_images, run_id=scheduled__2025-06-13T03:18:00+00:00, execution_date=20250613T031800, start_date=20250613T032002, end_date=20250613T032002
[2025-06-13T03:20:02.638+0000] {local_task_job_runner.py:266} INFO - Task exited with return code 0
[2025-06-13T03:20:02.654+0000] {taskinstance.py:3901} INFO - 0 downstream tasks scheduled from follow-on schedule check
[2025-06-13T03:20:02.657+0000] {local_task_job_runner.py:245} INFO - ::endgroup::
